[35m[1mScanning dependencies of target pub[0m
[ 33%] Built target sub
[ 66%] Built target chat
[ 83%] [32mBuilding CXX object CMakeFiles/pub.dir/src/pub.cpp.o[0m
[01m[K/mnt/HomeWin/projetos/tutorial_ros2/dev_ws/src/cpp_chat/src/pub.cpp:[m[K In member function â€˜[01m[Kvoid MinimalPublisher::timer_callback()[m[Kâ€™:
[01m[K/mnt/HomeWin/projetos/tutorial_ros2/dev_ws/src/cpp_chat/src/pub.cpp:48:20:[m[K [01;31m[Kerror: [m[Kâ€˜[01m[Krclcpp::Logger::Logger()[m[Kâ€™ is private within this context
   48 |     rclcpp::Logger [01;31m[KnullLog[m[K;
      |                    [01;31m[K^~~~~~~[m[K
In file included from [01m[K/opt/ros2/foxy/include/rclcpp/logging.hpp:23[m[K,
                 from [01m[K/opt/ros2/foxy/include/rclcpp/service.hpp:34[m[K,
                 from [01m[K/opt/ros2/foxy/include/rclcpp/callback_group.hpp:25[m[K,
                 from [01m[K/opt/ros2/foxy/include/rclcpp/any_executable.hpp:20[m[K,
                 from [01m[K/opt/ros2/foxy/include/rclcpp/memory_strategy.hpp:24[m[K,
                 from [01m[K/opt/ros2/foxy/include/rclcpp/memory_strategies.hpp:18[m[K,
                 from [01m[K/opt/ros2/foxy/include/rclcpp/executor_options.hpp:20[m[K,
                 from [01m[K/opt/ros2/foxy/include/rclcpp/executor.hpp:33[m[K,
                 from [01m[K/opt/ros2/foxy/include/rclcpp/executors/multi_threaded_executor.hpp:25[m[K,
                 from [01m[K/opt/ros2/foxy/include/rclcpp/executors.hpp:21[m[K,
                 from [01m[K/opt/ros2/foxy/include/rclcpp/rclcpp.hpp:146[m[K,
                 from [01m[K/mnt/HomeWin/projetos/tutorial_ros2/dev_ws/src/cpp_chat/src/pub.cpp:20[m[K:
[01m[K/opt/ros2/foxy/include/rclcpp/logger.hpp:88:3:[m[K [01;36m[Knote: [m[Kdeclared private here
   88 |   [01;36m[KLogger[m[K()
      |   [01;36m[K^~~~~~[m[K
make[2]: *** [CMakeFiles/pub.dir/build.make:82: CMakeFiles/pub.dir/src/pub.cpp.o] Erro 1
make[1]: *** [CMakeFiles/Makefile2:128: CMakeFiles/pub.dir/all] Erro 2
make: *** [Makefile:160: all] Erro 2
