Error parsing '/mnt/HomeWin/projetos/tutorial_ros2/dev_ws/src/tutorial_interfaces/package.xml':
Traceback (most recent call last):
  File "/opt/ros2/foxy/share/ament_cmake_core/cmake/core/package_xml_2_cmake.py", line 143, in <module>
    main()
  File "/opt/ros2/foxy/share/ament_cmake_core/cmake/core/package_xml_2_cmake.py", line 52, in main
    raise e
  File "/opt/ros2/foxy/share/ament_cmake_core/cmake/core/package_xml_2_cmake.py", line 48, in main
    package = parse_package_string(
  File "/usr/lib/python3.9/site-packages/catkin_pkg/package.py", line 773, in parse_package_string
    pkg.validate(warnings=warnings)
  File "/usr/lib/python3.9/site-packages/catkin_pkg/package.py", line 316, in validate
    raise InvalidPackage('\n'.join(errors), self.filename)
catkin_pkg.package.InvalidPackage: Error(s) in package '/mnt/HomeWin/projetos/tutorial_ros2/dev_ws/src/tutorial_interfaces/package.xml':
The package "tutorial_interfaces" must not "build_depend" on a package with the same name as this package
The package "tutorial_interfaces" must not "build_export_depend" on a package with the same name as this package
The package "tutorial_interfaces" must not "exec_depend" on a package with the same name as this package
CMake Error at /opt/ros2/foxy/share/ament_cmake_core/cmake/core/ament_package_xml.cmake:94 (message):
  execute_process(/usr/bin/python3
  /opt/ros2/foxy/share/ament_cmake_core/cmake/core/package_xml_2_cmake.py
  /mnt/HomeWin/projetos/tutorial_ros2/dev_ws/src/tutorial_interfaces/package.xml
  /mnt/HomeWin/projetos/tutorial_ros2/dev_ws/build/tutorial_interfaces/ament_cmake_core/package.cmake)
  returned error code 1
Call Stack (most recent call first):
  /opt/ros2/foxy/share/ament_cmake_core/cmake/core/ament_package_xml.cmake:49 (_ament_package_xml)
  /opt/ros2/foxy/share/rosidl_cmake/cmake/rosidl_generate_interfaces.cmake:226 (ament_package_xml)
  CMakeLists.txt:27 (rosidl_generate_interfaces)


make: *** [Makefile:1007: cmake_check_build_system] Erro 1
