[0.030s] Invoking command in '/mnt/HomeWin/projetos/tutorial_ros2/dev_ws/build/tutorial_interfaces': _=/usr/bin/env /usr/bin/cmake --build /mnt/HomeWin/projetos/tutorial_ros2/dev_ws/build/tutorial_interfaces -- -j8 -l8
[0.055s] -- Found ament_cmake: 0.9.8 (/opt/ros2/foxy/share/ament_cmake/cmake)
[0.085s] -- Found PythonInterp: /usr/bin/python3 (found suitable version "3.9.1", minimum required is "3") 
[0.085s] -- Using PYTHON_EXECUTABLE: /usr/bin/python3
[0.303s] -- Found rclcpp: 2.3.0 (/opt/ros2/foxy/share/rclcpp/cmake)
[0.346s] -- Using all available rosidl_typesupport_c: rosidl_typesupport_fastrtps_c;rosidl_typesupport_introspection_c
[0.349s] -- Found rosidl_adapter: 1.2.0 (/opt/ros2/foxy/share/rosidl_adapter/cmake)
[0.468s] -- Using all available rosidl_typesupport_cpp: rosidl_typesupport_fastrtps_cpp;rosidl_typesupport_introspection_cpp
[0.521s] -- Found rmw_implementation_cmake: 1.0.2 (/opt/ros2/foxy/share/rmw_implementation_cmake/cmake)
[0.523s] -- Using RMW implementation 'rmw_fastrtps_cpp' as default
[0.524s] -- Looking for pthread.h
[0.714s] -- Looking for pthread.h - found
[0.716s] -- Performing Test CMAKE_HAVE_LIBC_PTHREAD
[0.842s] -- Performing Test CMAKE_HAVE_LIBC_PTHREAD - Failed
[0.842s] -- Looking for pthread_create in pthreads
[0.909s] -- Looking for pthread_create in pthreads - not found
[0.909s] -- Looking for pthread_create in pthread
[0.992s] -- Looking for pthread_create in pthread - found
[0.993s] -- Found Threads: TRUE  
[1.124s] -- Found rosidl_default_generators: 1.0.0 (/opt/ros2/foxy/share/rosidl_default_generators/cmake)
[1.162s] -- Found PythonInterp: /usr/bin/python3 (found version "3.9.1") 
[1.295s] Error parsing '/mnt/HomeWin/projetos/tutorial_ros2/dev_ws/src/tutorial_interfaces/package.xml':
[1.295s] Traceback (most recent call last):
[1.296s]   File "/opt/ros2/foxy/share/ament_cmake_core/cmake/core/package_xml_2_cmake.py", line 143, in <module>
[1.296s]     main()
[1.296s]   File "/opt/ros2/foxy/share/ament_cmake_core/cmake/core/package_xml_2_cmake.py", line 52, in main
[1.296s]     raise e
[1.296s]   File "/opt/ros2/foxy/share/ament_cmake_core/cmake/core/package_xml_2_cmake.py", line 48, in main
[1.297s]     package = parse_package_string(
[1.297s]   File "/usr/lib/python3.9/site-packages/catkin_pkg/package.py", line 773, in parse_package_string
[1.297s]     pkg.validate(warnings=warnings)
[1.297s]   File "/usr/lib/python3.9/site-packages/catkin_pkg/package.py", line 316, in validate
[1.297s]     raise InvalidPackage('\n'.join(errors), self.filename)
[1.298s] catkin_pkg.package.InvalidPackage: Error(s) in package '/mnt/HomeWin/projetos/tutorial_ros2/dev_ws/src/tutorial_interfaces/package.xml':
[1.298s] The package "tutorial_interfaces" must not "build_depend" on a package with the same name as this package
[1.298s] The package "tutorial_interfaces" must not "build_export_depend" on a package with the same name as this package
[1.298s] The package "tutorial_interfaces" must not "exec_depend" on a package with the same name as this package
[1.303s] CMake Error at /opt/ros2/foxy/share/ament_cmake_core/cmake/core/ament_package_xml.cmake:94 (message):
[1.303s]   execute_process(/usr/bin/python3
[1.304s]   /opt/ros2/foxy/share/ament_cmake_core/cmake/core/package_xml_2_cmake.py
[1.304s]   /mnt/HomeWin/projetos/tutorial_ros2/dev_ws/src/tutorial_interfaces/package.xml
[1.304s]   /mnt/HomeWin/projetos/tutorial_ros2/dev_ws/build/tutorial_interfaces/ament_cmake_core/package.cmake)
[1.304s]   returned error code 1
[1.304s] Call Stack (most recent call first):
[1.305s]   /opt/ros2/foxy/share/ament_cmake_core/cmake/core/ament_package_xml.cmake:49 (_ament_package_xml)
[1.305s]   /opt/ros2/foxy/share/rosidl_cmake/cmake/rosidl_generate_interfaces.cmake:226 (ament_package_xml)
[1.305s]   CMakeLists.txt:27 (rosidl_generate_interfaces)
[1.305s] 
[1.305s] 
[1.305s] -- Configuring incomplete, errors occurred!
[1.305s] See also "/mnt/HomeWin/projetos/tutorial_ros2/dev_ws/build/tutorial_interfaces/CMakeFiles/CMakeOutput.log".
[1.306s] See also "/mnt/HomeWin/projetos/tutorial_ros2/dev_ws/build/tutorial_interfaces/CMakeFiles/CMakeError.log".
[1.310s] make: *** [Makefile:1007: cmake_check_build_system] Erro 1
[1.311s] Invoked command in '/mnt/HomeWin/projetos/tutorial_ros2/dev_ws/build/tutorial_interfaces' returned '2': _=/usr/bin/env /usr/bin/cmake --build /mnt/HomeWin/projetos/tutorial_ros2/dev_ws/build/tutorial_interfaces -- -j8 -l8
