[0.049s] Invoking command in '/mnt/HomeWin/projetos/tutorial_ros2/dev_ws/build/cpp_chat': _=/usr/bin/env /usr/bin/cmake --build /mnt/HomeWin/projetos/tutorial_ros2/dev_ws/build/cpp_chat -- -j8 -l8
[0.110s] [35m[1mScanning dependencies of target pub[0m
[0.126s] [ 33%] Built target sub
[0.128s] [ 66%] Built target chat
[0.134s] [ 83%] [32mBuilding CXX object CMakeFiles/pub.dir/src/pub.cpp.o[0m
[2.040s] In file included from [01m[K/opt/ros2/foxy/include/rclcpp/service.hpp:34[m[K,
[2.040s]                  from [01m[K/opt/ros2/foxy/include/rclcpp/callback_group.hpp:25[m[K,
[2.040s]                  from [01m[K/opt/ros2/foxy/include/rclcpp/any_executable.hpp:20[m[K,
[2.041s]                  from [01m[K/opt/ros2/foxy/include/rclcpp/memory_strategy.hpp:24[m[K,
[2.041s]                  from [01m[K/opt/ros2/foxy/include/rclcpp/memory_strategies.hpp:18[m[K,
[2.041s]                  from [01m[K/opt/ros2/foxy/include/rclcpp/executor_options.hpp:20[m[K,
[2.042s]                  from [01m[K/opt/ros2/foxy/include/rclcpp/executor.hpp:33[m[K,
[2.042s]                  from [01m[K/opt/ros2/foxy/include/rclcpp/executors/multi_threaded_executor.hpp:25[m[K,
[2.042s]                  from [01m[K/opt/ros2/foxy/include/rclcpp/executors.hpp:21[m[K,
[2.042s]                  from [01m[K/opt/ros2/foxy/include/rclcpp/rclcpp.hpp:146[m[K,
[2.043s]                  from [01m[K/mnt/HomeWin/projetos/tutorial_ros2/dev_ws/src/cpp_chat/src/pub.cpp:20[m[K:
[2.043s] [01m[K/mnt/HomeWin/projetos/tutorial_ros2/dev_ws/src/cpp_chat/src/pub.cpp:[m[K In member function â€˜[01m[Kvoid MinimalPublisher::timer_callback()[m[Kâ€™:
[2.043s] [01m[K/mnt/HomeWin/projetos/tutorial_ros2/dev_ws/src/cpp_chat/src/pub.cpp:50:5:[m[K [01;31m[Kerror: [m[Kstatic assertion failed: First argument to logging macros must be an rclcpp::Logger
[2.043s]    50 |     [01;31m[KRCLCPP_INFO[m[K(&nullLog, "Publishing: '%s'", message.data.c_str());
[2.043s]       |     [01;31m[K^~~~~~~~~~~[m[K
[2.044s] In file included from [01m[K/opt/ros2/foxy/include/rclcpp/client.hpp:40[m[K,
[2.044s]                  from [01m[K/opt/ros2/foxy/include/rclcpp/callback_group.hpp:23[m[K,
[2.044s]                  from [01m[K/opt/ros2/foxy/include/rclcpp/any_executable.hpp:20[m[K,
[2.044s]                  from [01m[K/opt/ros2/foxy/include/rclcpp/memory_strategy.hpp:24[m[K,
[2.045s]                  from [01m[K/opt/ros2/foxy/include/rclcpp/memory_strategies.hpp:18[m[K,
[2.045s]                  from [01m[K/opt/ros2/foxy/include/rclcpp/executor_options.hpp:20[m[K,
[2.045s]                  from [01m[K/opt/ros2/foxy/include/rclcpp/executor.hpp:33[m[K,
[2.045s]                  from [01m[K/opt/ros2/foxy/include/rclcpp/executors/multi_threaded_executor.hpp:25[m[K,
[2.046s]                  from [01m[K/opt/ros2/foxy/include/rclcpp/executors.hpp:21[m[K,
[2.046s]                  from [01m[K/opt/ros2/foxy/include/rclcpp/rclcpp.hpp:146[m[K,
[2.046s]                  from [01m[K/mnt/HomeWin/projetos/tutorial_ros2/dev_ws/src/cpp_chat/src/pub.cpp:20[m[K:
[2.046s] [01m[K/mnt/HomeWin/projetos/tutorial_ros2/dev_ws/src/cpp_chat/src/pub.cpp:50:5:[m[K [01;31m[Kerror: [m[Klvalue required as unary â€˜[01m[K&[m[Kâ€™ operand
[2.046s]    50 |     [01;31m[KR[m[KCLCPP_INFO(&nullLog, "Publishing: '%s'", message.data.c_str());
[2.046s]       |     [01;31m[K^[m[K
[2.047s] [01m[K/mnt/HomeWin/projetos/tutorial_ros2/dev_ws/src/cpp_chat/src/pub.cpp:50:5:[m[K [01;31m[Kerror: [m[Klvalue required as unary â€˜[01m[K&[m[Kâ€™ operand
[2.047s]    50 |     [01;31m[KR[m[KCLCPP_INFO(&nullLog, "Publishing: '%s'", message.data.c_str());
[2.047s]       |     [01;31m[K^[m[K
[3.264s] make[2]: *** [CMakeFiles/pub.dir/build.make:82: CMakeFiles/pub.dir/src/pub.cpp.o] Erro 1
[3.265s] make[1]: *** [CMakeFiles/Makefile2:128: CMakeFiles/pub.dir/all] Erro 2
[3.267s] make: *** [Makefile:160: all] Erro 2
[3.270s] Invoked command in '/mnt/HomeWin/projetos/tutorial_ros2/dev_ws/build/cpp_chat' returned '2': _=/usr/bin/env /usr/bin/cmake --build /mnt/HomeWin/projetos/tutorial_ros2/dev_ws/build/cpp_chat -- -j8 -l8
