[0.035s] Invoking command in '/mnt/HomeWin/projetos/tutorial_ros2/dev_ws/build/cpp_chat': _=/usr/bin/env /usr/bin/cmake --build /mnt/HomeWin/projetos/tutorial_ros2/dev_ws/build/cpp_chat -- -j8 -l8
[0.091s] [35m[1mScanning dependencies of target chat[0m
[0.091s] [35m[1mScanning dependencies of target sub[0m
[0.144s] [ 33%] Built target pub
[0.170s] [ 50%] [32mBuilding CXX object CMakeFiles/chat.dir/src/chat.cpp.o[0m
[0.171s] [ 66%] [32mBuilding CXX object CMakeFiles/sub.dir/src/sub.cpp.o[0m
[0.291s] [01m[K/mnt/HomeWin/projetos/tutorial_ros2/dev_ws/src/cpp_chat/src/sub.cpp:41:58:[m[K [01;35m[Kwarning: [m[Kconstante de caractere multi-caractere [[01;35m[K]8;;https://gcc.gnu.org/onlinedocs/gcc/Warning-Options.html#index-Wmultichar-Wmultichar]8;;[m[K]
[0.291s]    41 |     cout << '(' <<typesOrigin[int(msg->data.front())] << [01;35m[K'->'[m[K << this->get_name() << ')'
[0.292s]       |                                                          [01;35m[K^~~~[m[K
[3.023s] [01m[K/mnt/HomeWin/projetos/tutorial_ros2/dev_ws/src/cpp_chat/src/sub.cpp:25:1:[m[K [01;31m[Kerror: [m[Kexpected â€˜[01m[K,[m[Kâ€™ or â€˜[01m[K;[m[Kâ€™ before â€˜[01m[Kusing[m[Kâ€™
[3.024s]    25 | [01;31m[Kusing[m[K std::placeholders::_1;
[3.024s]       | [01;31m[K^~~~~[m[K
[3.024s] [01m[K/mnt/HomeWin/projetos/tutorial_ros2/dev_ws/src/cpp_chat/src/sub.cpp:38:3:[m[K [01;31m[Kerror: [m[Ktwo or more data types in declaration of â€˜[01m[Ktopic_callback[m[Kâ€™
[3.025s]    38 |   [01;31m[Kconst[m[K char
[3.025s]       |   [01;31m[K^~~~~[m[K
[3.041s] [01m[K/mnt/HomeWin/projetos/tutorial_ros2/dev_ws/src/cpp_chat/src/sub.cpp:[m[K In constructor â€˜[01m[KMinimalSubscriber::MinimalSubscriber()[m[Kâ€™:
[3.041s] [01m[K/mnt/HomeWin/projetos/tutorial_ros2/dev_ws/src/cpp_chat/src/sub.cpp:34:52:[m[K [01;31m[Kerror: [m[Kâ€˜[01m[Ktopic_callback[m[Kâ€™ is not a member of â€˜[01m[KMinimalSubscriber[m[Kâ€™
[3.042s]    34 |         "topic", 10, std::bind(&MinimalSubscriber::[01;31m[Ktopic_callback[m[K, this, _1));
[3.042s]       |                                                    [01;31m[K^~~~~~~~~~~~~~[m[K
[3.043s] [01m[K/mnt/HomeWin/projetos/tutorial_ros2/dev_ws/src/cpp_chat/src/sub.cpp:34:74:[m[K [01;31m[Kerror: [m[Kâ€˜[01m[K_1[m[Kâ€™ was not declared in this scope; did you mean â€˜[01m[Kstd::placeholders::_1[m[Kâ€™?
[3.043s]    34 |         "topic", 10, std::bind(&MinimalSubscriber::topic_callback, this, [01;31m[K_1[m[K));
[3.043s]       |                                                                          [01;31m[K^~[m[K
[3.043s]       |                                                                          [32m[Kstd::placeholders::_1[m[K
[3.044s] In file included from [01m[K/mnt/HomeWin/projetos/tutorial_ros2/dev_ws/src/cpp_chat/src/sub.cpp:15[m[K:
[3.044s] [01m[K/usr/include/c++/10.2.0/functional:221:34:[m[K [01;36m[Knote: [m[Kâ€˜[01m[Kstd::placeholders::_1[m[Kâ€™ declared here
[3.044s]   221 |     extern const _Placeholder<1> [01;36m[K_1[m[K;
[3.045s]       |                                  [01;36m[K^~[m[K
[3.611s] make[2]: *** [CMakeFiles/sub.dir/build.make:82: CMakeFiles/sub.dir/src/sub.cpp.o] Erro 1
[3.615s] make[1]: *** [CMakeFiles/Makefile2:155: CMakeFiles/sub.dir/all] Erro 2
[3.615s] make[1]: ** Esperando que outros processos terminem.
[8.786s] [ 83%] [32m[1mLinking CXX executable chat[0m
[9.390s] [ 83%] Built target chat
[9.392s] make: *** [Makefile:160: all] Erro 2
[9.394s] Invoked command in '/mnt/HomeWin/projetos/tutorial_ros2/dev_ws/build/cpp_chat' returned '2': _=/usr/bin/env /usr/bin/cmake --build /mnt/HomeWin/projetos/tutorial_ros2/dev_ws/build/cpp_chat -- -j8 -l8
