[0.057s] Invoking command in '/mnt/HomeWin/projetos/tutorial_ros2/dev_ws/build/cpp_chat': _=/usr/bin/env /usr/bin/cmake --build /mnt/HomeWin/projetos/tutorial_ros2/dev_ws/build/cpp_chat -- -j8 -l8
[0.106s] [35m[1mScanning dependencies of target pub[0m
[0.121s] [ 33%] Built target sub
[0.121s] [ 66%] Built target chat
[0.131s] [ 83%] [32mBuilding CXX object CMakeFiles/pub.dir/src/pub.cpp.o[0m
[1.627s] In file included from [01m[K/opt/ros2/foxy/include/rclcpp/service.hpp:34[m[K,
[1.627s]                  from [01m[K/opt/ros2/foxy/include/rclcpp/callback_group.hpp:25[m[K,
[1.627s]                  from [01m[K/opt/ros2/foxy/include/rclcpp/any_executable.hpp:20[m[K,
[1.628s]                  from [01m[K/opt/ros2/foxy/include/rclcpp/memory_strategy.hpp:24[m[K,
[1.628s]                  from [01m[K/opt/ros2/foxy/include/rclcpp/memory_strategies.hpp:18[m[K,
[1.628s]                  from [01m[K/opt/ros2/foxy/include/rclcpp/executor_options.hpp:20[m[K,
[1.628s]                  from [01m[K/opt/ros2/foxy/include/rclcpp/executor.hpp:33[m[K,
[1.628s]                  from [01m[K/opt/ros2/foxy/include/rclcpp/executors/multi_threaded_executor.hpp:25[m[K,
[1.628s]                  from [01m[K/opt/ros2/foxy/include/rclcpp/executors.hpp:21[m[K,
[1.628s]                  from [01m[K/opt/ros2/foxy/include/rclcpp/rclcpp.hpp:146[m[K,
[1.629s]                  from [01m[K/mnt/HomeWin/projetos/tutorial_ros2/dev_ws/src/cpp_chat/src/pub.cpp:20[m[K:
[1.629s] [01m[K/mnt/HomeWin/projetos/tutorial_ros2/dev_ws/src/cpp_chat/src/pub.cpp:[m[K In member function â€˜[01m[Kvoid MinimalPublisher::timer_callback()[m[Kâ€™:
[1.629s] [01m[K/mnt/HomeWin/projetos/tutorial_ros2/dev_ws/src/cpp_chat/src/pub.cpp:50:5:[m[K [01;31m[Kerror: [m[Kstatic assertion failed: First argument to logging macros must be an rclcpp::Logger
[1.629s]    50 |     [01;31m[KRCLCPP_INFO[m[K(&nullLog, "Publishing: '%s'", message.data.c_str());
[1.629s]       |     [01;31m[K^~~~~~~~~~~[m[K
[1.629s] In file included from [01m[K/opt/ros2/foxy/include/rclcpp/client.hpp:40[m[K,
[1.630s]                  from [01m[K/opt/ros2/foxy/include/rclcpp/callback_group.hpp:23[m[K,
[1.630s]                  from [01m[K/opt/ros2/foxy/include/rclcpp/any_executable.hpp:20[m[K,
[1.630s]                  from [01m[K/opt/ros2/foxy/include/rclcpp/memory_strategy.hpp:24[m[K,
[1.630s]                  from [01m[K/opt/ros2/foxy/include/rclcpp/memory_strategies.hpp:18[m[K,
[1.630s]                  from [01m[K/opt/ros2/foxy/include/rclcpp/executor_options.hpp:20[m[K,
[1.630s]                  from [01m[K/opt/ros2/foxy/include/rclcpp/executor.hpp:33[m[K,
[1.631s]                  from [01m[K/opt/ros2/foxy/include/rclcpp/executors/multi_threaded_executor.hpp:25[m[K,
[1.631s]                  from [01m[K/opt/ros2/foxy/include/rclcpp/executors.hpp:21[m[K,
[1.631s]                  from [01m[K/opt/ros2/foxy/include/rclcpp/rclcpp.hpp:146[m[K,
[1.631s]                  from [01m[K/mnt/HomeWin/projetos/tutorial_ros2/dev_ws/src/cpp_chat/src/pub.cpp:20[m[K:
[1.631s] [01m[K/mnt/HomeWin/projetos/tutorial_ros2/dev_ws/src/cpp_chat/src/pub.cpp:50:5:[m[K [01;31m[Kerror: [m[Krequest for member â€˜[01m[Kget_name[m[Kâ€™ in â€˜[01m[KnullLog[m[Kâ€™, which is of non-class type â€˜[01m[Krclcpp::Logger()[m[Kâ€™
[1.632s]    50 |     [01;31m[KRCLCPP_INFO[m[K(&nullLog, "Publishing: '%s'", message.data.c_str());
[1.632s]       |     [01;31m[K^~~~~~~~~~~[m[K
[1.632s] [01m[K/mnt/HomeWin/projetos/tutorial_ros2/dev_ws/src/cpp_chat/src/pub.cpp:50:5:[m[K [01;31m[Kerror: [m[Krequest for member â€˜[01m[Kget_name[m[Kâ€™ in â€˜[01m[KnullLog[m[Kâ€™, which is of non-class type â€˜[01m[Krclcpp::Logger()[m[Kâ€™
[1.632s]    50 |     [01;31m[KRCLCPP_INFO[m[K(&nullLog, "Publishing: '%s'", message.data.c_str());
[1.632s]       |     [01;31m[K^~~~~~~~~~~[m[K
[2.756s] make[2]: *** [CMakeFiles/pub.dir/build.make:82: CMakeFiles/pub.dir/src/pub.cpp.o] Erro 1
[2.757s] make[1]: *** [CMakeFiles/Makefile2:128: CMakeFiles/pub.dir/all] Erro 2
[2.759s] make: *** [Makefile:160: all] Erro 2
[2.760s] Invoked command in '/mnt/HomeWin/projetos/tutorial_ros2/dev_ws/build/cpp_chat' returned '2': _=/usr/bin/env /usr/bin/cmake --build /mnt/HomeWin/projetos/tutorial_ros2/dev_ws/build/cpp_chat -- -j8 -l8
