[0.028s] Invoking command in '/mnt/HomeWin/projetos/tutorial_ros2/dev_ws/build/cpp_chat': _=/usr/bin/env /usr/bin/cmake --build /mnt/HomeWin/projetos/tutorial_ros2/dev_ws/build/cpp_chat -- -j8 -l8
[0.074s] [35m[1mScanning dependencies of target chat[0m
[0.089s] [ 66%] Built target pub
[0.089s] [ 66%] Built target sub
[0.099s] [ 83%] [32mBuilding CXX object CMakeFiles/chat.dir/src/chat.cpp.o[0m
[1.587s] [01m[K/mnt/HomeWin/projetos/tutorial_ros2/dev_ws/src/cpp_chat/src/chat.cpp:[m[K In constructor â€˜[01m[KMinimalChat::MinimalChat()[m[Kâ€™:
[1.588s] [01m[K/mnt/HomeWin/projetos/tutorial_ros2/dev_ws/src/cpp_chat/src/chat.cpp:68:33:[m[K [01;31m[Kerror: [m[Kâ€˜[01m[KMinimalSubscriber[m[Kâ€™ has not been declared
[1.589s]    68 |         "topic", 10, std::bind(&[01;31m[KMinimalSubscriber[m[K::topic_callback, this, _1));
[1.591s]       |                                 [01;31m[K^~~~~~~~~~~~~~~~~[m[K
[1.592s] [01m[K/mnt/HomeWin/projetos/tutorial_ros2/dev_ws/src/cpp_chat/src/chat.cpp:71:9:[m[K [01;31m[Kerror: [m[Kunable to find numeric literal operator â€˜[01m[Koperator""ms[m[Kâ€™
[1.592s]    71 |         [01;31m[K500ms[m[K, std::bind(&MinimalPublisher::timer_callback, this));
[1.592s]       |         [01;31m[K^~~~~[m[K
[1.592s] [01m[K/mnt/HomeWin/projetos/tutorial_ros2/dev_ws/src/cpp_chat/src/chat.cpp:71:27:[m[K [01;31m[Kerror: [m[Kâ€˜[01m[KMinimalPublisher[m[Kâ€™ has not been declared
[1.593s]    71 |         500ms, std::bind(&[01;31m[KMinimalPublisher[m[K::timer_callback, this));
[1.593s]       |                           [01;31m[K^~~~~~~~~~~~~~~~[m[K
[1.607s] [01m[K/mnt/HomeWin/projetos/tutorial_ros2/dev_ws/src/cpp_chat/src/chat.cpp:[m[K In function â€˜[01m[Kint main(int, char**)[m[Kâ€™:
[1.607s] [01m[K/mnt/HomeWin/projetos/tutorial_ros2/dev_ws/src/cpp_chat/src/chat.cpp:96:33:[m[K [01;31m[Kerror: [m[Kâ€˜[01m[KMinimal[m[Kâ€™ was not declared in this scope
[1.608s]    96 |   rclcpp::spin(std::make_shared<[01;31m[KMinimal[m[K>());
[1.608s]       |                                 [01;31m[K^~~~~~~[m[K
[1.608s] [01m[K/mnt/HomeWin/projetos/tutorial_ros2/dev_ws/src/cpp_chat/src/chat.cpp:96:42:[m[K [01;31m[Kerror: [m[Kno matching function for call to â€˜[01m[Kmake_shared<<expression error> >()[m[Kâ€™
[1.608s]    96 |   rclcpp::spin(std::make_shared<Minimal>([01;31m[K)[m[K);
[1.608s]       |                                          [01;31m[K^[m[K
[1.608s] In file included from [01m[K/usr/include/c++/10.2.0/memory:84[m[K,
[1.608s]                  from [01m[K/mnt/HomeWin/projetos/tutorial_ros2/dev_ws/src/cpp_chat/src/chat.cpp:16[m[K:
[1.609s] [01m[K/usr/include/c++/10.2.0/bits/shared_ptr.h:872:5:[m[K [01;36m[Knote: [m[Kcandidate: â€˜[01m[Ktemplate<class _Tp, class ... _Args> std::shared_ptr<_Tp> std::make_shared(_Args&& ...)[m[Kâ€™
[1.609s]   872 |     [01;36m[Kmake_shared[m[K(_Args&&... __args)
[1.609s]       |     [01;36m[K^~~~~~~~~~~[m[K
[1.609s] [01m[K/usr/include/c++/10.2.0/bits/shared_ptr.h:872:5:[m[K [01;36m[Knote: [m[K  template argument deduction/substitution failed:
[1.609s] [01m[K/mnt/HomeWin/projetos/tutorial_ros2/dev_ws/src/cpp_chat/src/chat.cpp:96:42:[m[K [01;31m[Kerror: [m[Ktemplate argument 1 is invalid
[1.609s]    96 |   rclcpp::spin(std::make_shared<Minimal>([01;31m[K)[m[K);
[1.609s]       |                                          [01;31m[K^[m[K
[2.569s] make[2]: *** [CMakeFiles/chat.dir/build.make:82: CMakeFiles/chat.dir/src/chat.cpp.o] Erro 1
[2.571s] make[1]: *** [CMakeFiles/Makefile2:101: CMakeFiles/chat.dir/all] Erro 2
[2.572s] make: *** [Makefile:160: all] Erro 2
[2.574s] Invoked command in '/mnt/HomeWin/projetos/tutorial_ros2/dev_ws/build/cpp_chat' returned '2': _=/usr/bin/env /usr/bin/cmake --build /mnt/HomeWin/projetos/tutorial_ros2/dev_ws/build/cpp_chat -- -j8 -l8
