[0.031s] Invoking command in '/mnt/HomeWin/projetos/tutorial_ros2/dev_ws/build/cpp_chat': _=/usr/bin/env /usr/bin/cmake --build /mnt/HomeWin/projetos/tutorial_ros2/dev_ws/build/cpp_chat -- -j8 -l8
[0.102s] [ 33%] Built target chat
[0.103s] [ 66%] [32mBuilding CXX object CMakeFiles/pub.dir/src/pub.cpp.o[0m
[0.103s] [ 83%] Built target sub
[1.526s] In file included from [01m[K/opt/ros2/foxy/include/rclcpp/service.hpp:34[m[K,
[1.527s]                  from [01m[K/opt/ros2/foxy/include/rclcpp/callback_group.hpp:25[m[K,
[1.527s]                  from [01m[K/opt/ros2/foxy/include/rclcpp/any_executable.hpp:20[m[K,
[1.527s]                  from [01m[K/opt/ros2/foxy/include/rclcpp/memory_strategy.hpp:24[m[K,
[1.527s]                  from [01m[K/opt/ros2/foxy/include/rclcpp/memory_strategies.hpp:18[m[K,
[1.527s]                  from [01m[K/opt/ros2/foxy/include/rclcpp/executor_options.hpp:20[m[K,
[1.527s]                  from [01m[K/opt/ros2/foxy/include/rclcpp/executor.hpp:33[m[K,
[1.527s]                  from [01m[K/opt/ros2/foxy/include/rclcpp/executors/multi_threaded_executor.hpp:25[m[K,
[1.528s]                  from [01m[K/opt/ros2/foxy/include/rclcpp/executors.hpp:21[m[K,
[1.528s]                  from [01m[K/opt/ros2/foxy/include/rclcpp/rclcpp.hpp:146[m[K,
[1.528s]                  from [01m[K/mnt/HomeWin/projetos/tutorial_ros2/dev_ws/src/cpp_chat/src/pub.cpp:20[m[K:
[1.528s] [01m[K/mnt/HomeWin/projetos/tutorial_ros2/dev_ws/src/cpp_chat/src/pub.cpp:[m[K In member function â€˜[01m[Kvoid MinimalPublisher::timer_callback()[m[Kâ€™:
[1.528s] [01m[K/mnt/HomeWin/projetos/tutorial_ros2/dev_ws/src/cpp_chat/src/pub.cpp:48:5:[m[K [01;31m[Kerror: [m[Kstatic assertion failed: First argument to logging macros must be an rclcpp::Logger
[1.528s]    48 |     [01;31m[KRCLCPP_INFO[m[K(nullptr, "Publishing: '%s'", message.data.c_str());
[1.529s]       |     [01;31m[K^~~~~~~~~~~[m[K
[1.529s] In file included from [01m[K/opt/ros2/foxy/include/rclcpp/client.hpp:40[m[K,
[1.529s]                  from [01m[K/opt/ros2/foxy/include/rclcpp/callback_group.hpp:23[m[K,
[1.529s]                  from [01m[K/opt/ros2/foxy/include/rclcpp/any_executable.hpp:20[m[K,
[1.529s]                  from [01m[K/opt/ros2/foxy/include/rclcpp/memory_strategy.hpp:24[m[K,
[1.529s]                  from [01m[K/opt/ros2/foxy/include/rclcpp/memory_strategies.hpp:18[m[K,
[1.529s]                  from [01m[K/opt/ros2/foxy/include/rclcpp/executor_options.hpp:20[m[K,
[1.529s]                  from [01m[K/opt/ros2/foxy/include/rclcpp/executor.hpp:33[m[K,
[1.530s]                  from [01m[K/opt/ros2/foxy/include/rclcpp/executors/multi_threaded_executor.hpp:25[m[K,
[1.530s]                  from [01m[K/opt/ros2/foxy/include/rclcpp/executors.hpp:21[m[K,
[1.530s]                  from [01m[K/opt/ros2/foxy/include/rclcpp/rclcpp.hpp:146[m[K,
[1.530s]                  from [01m[K/mnt/HomeWin/projetos/tutorial_ros2/dev_ws/src/cpp_chat/src/pub.cpp:20[m[K:
[1.530s] [01m[K/mnt/HomeWin/projetos/tutorial_ros2/dev_ws/src/cpp_chat/src/pub.cpp:48:5:[m[K [01;31m[Kerror: [m[Krequest for member â€˜[01m[Kget_name[m[Kâ€™ in â€˜[01m[Knullptr[m[Kâ€™, which is of non-class type â€˜[01m[Kstd::nullptr_t[m[Kâ€™
[1.531s]    48 |     [01;31m[KRCLCPP_INFO[m[K(nullptr, "Publishing: '%s'", message.data.c_str());
[1.531s]       |     [01;31m[K^~~~~~~~~~~[m[K
[1.531s] [01m[K/mnt/HomeWin/projetos/tutorial_ros2/dev_ws/src/cpp_chat/src/pub.cpp:48:5:[m[K [01;31m[Kerror: [m[Krequest for member â€˜[01m[Kget_name[m[Kâ€™ in â€˜[01m[Knullptr[m[Kâ€™, which is of non-class type â€˜[01m[Kstd::nullptr_t[m[Kâ€™
[1.531s]    48 |     [01;31m[KRCLCPP_INFO[m[K(nullptr, "Publishing: '%s'", message.data.c_str());
[1.531s]       |     [01;31m[K^~~~~~~~~~~[m[K
[2.577s] make[2]: *** [CMakeFiles/pub.dir/build.make:82: CMakeFiles/pub.dir/src/pub.cpp.o] Erro 1
[2.579s] make[1]: *** [CMakeFiles/Makefile2:128: CMakeFiles/pub.dir/all] Erro 2
[2.580s] make: *** [Makefile:160: all] Erro 2
[2.582s] Invoked command in '/mnt/HomeWin/projetos/tutorial_ros2/dev_ws/build/cpp_chat' returned '2': _=/usr/bin/env /usr/bin/cmake --build /mnt/HomeWin/projetos/tutorial_ros2/dev_ws/build/cpp_chat -- -j8 -l8
