[35m[1mScanning dependencies of target sub[0m
[ 33%] Built target pub
[ 66%] Built target chat
[ 83%] [32mBuilding CXX object CMakeFiles/sub.dir/src/sub.cpp.o[0m
[01m[K/mnt/HomeWin/projetos/tutorial_ros2/dev_ws/src/cpp_chat/src/sub.cpp:[m[K In constructor â€˜[01m[KMinimalSubscriber::MinimalSubscriber()[m[Kâ€™:
[01m[K/mnt/HomeWin/projetos/tutorial_ros2/dev_ws/src/cpp_chat/src/sub.cpp:35:5:[m[K [01;31m[Kerror: [m[Kâ€˜[01m[KstrLog[m[Kâ€™ was not declared in this scope; did you mean â€˜[01m[KStrLog[m[Kâ€™?
   35 |     [01;31m[KstrLog[m[K = " -> ";
      |     [01;31m[K^~~~~~[m[K
      |     [32m[KStrLog[m[K
make[2]: *** [CMakeFiles/sub.dir/build.make:82: CMakeFiles/sub.dir/src/sub.cpp.o] Erro 1
make[1]: *** [CMakeFiles/Makefile2:155: CMakeFiles/sub.dir/all] Erro 2
make: *** [Makefile:160: all] Erro 2
