[0.030s] Invoking command in '/mnt/HomeWin/projetos/tutorial_ros2/dev_ws/build/cpp_chat': _=/usr/bin/env /usr/bin/cmake --build /mnt/HomeWin/projetos/tutorial_ros2/dev_ws/build/cpp_chat -- -j8 -l8
[0.076s] [35m[1mScanning dependencies of target sub[0m
[0.090s] [ 33%] Built target pub
[0.091s] [ 66%] Built target chat
[0.096s] [ 83%] [32mBuilding CXX object CMakeFiles/sub.dir/src/sub.cpp.o[0m
[1.463s] [01m[K/mnt/HomeWin/projetos/tutorial_ros2/dev_ws/src/cpp_chat/src/sub.cpp:[m[K In constructor â€˜[01m[KMinimalSubscriber::MinimalSubscriber()[m[Kâ€™:
[1.464s] [01m[K/mnt/HomeWin/projetos/tutorial_ros2/dev_ws/src/cpp_chat/src/sub.cpp:35:5:[m[K [01;31m[Kerror: [m[Kâ€˜[01m[KstrLog[m[Kâ€™ was not declared in this scope; did you mean â€˜[01m[KStrLog[m[Kâ€™?
[1.464s]    35 |     [01;31m[KstrLog[m[K = " -> ";
[1.464s]       |     [01;31m[K^~~~~~[m[K
[1.464s]       |     [32m[KStrLog[m[K
[3.103s] make[2]: *** [CMakeFiles/sub.dir/build.make:82: CMakeFiles/sub.dir/src/sub.cpp.o] Erro 1
[3.104s] make[1]: *** [CMakeFiles/Makefile2:155: CMakeFiles/sub.dir/all] Erro 2
[3.105s] make: *** [Makefile:160: all] Erro 2
[3.107s] Invoked command in '/mnt/HomeWin/projetos/tutorial_ros2/dev_ws/build/cpp_chat' returned '2': _=/usr/bin/env /usr/bin/cmake --build /mnt/HomeWin/projetos/tutorial_ros2/dev_ws/build/cpp_chat -- -j8 -l8
