[0.032s] Invoking command in '/mnt/HomeWin/projetos/tutorial_ros2/dev_ws/build/cpp_chat': _=/usr/bin/env /usr/bin/cmake --build /mnt/HomeWin/projetos/tutorial_ros2/dev_ws/build/cpp_chat -- -j8 -l8
[0.072s] [35m[1mScanning dependencies of target chat[0m
[0.085s] [ 66%] Built target pub
[0.085s] [ 66%] Built target sub
[0.091s] [ 83%] [32mBuilding CXX object CMakeFiles/chat.dir/src/chat.cpp.o[0m
[1.483s] [01m[K/mnt/HomeWin/projetos/tutorial_ros2/dev_ws/src/cpp_chat/src/chat.cpp:[m[K In member function â€˜[01m[Kvoid MinimalChat::topic_callback(std_msgs::msg::String_<std::allocator<void> >::SharedPtr) const[m[Kâ€™:
[1.483s] [01m[K/mnt/HomeWin/projetos/tutorial_ros2/dev_ws/src/cpp_chat/src/chat.cpp:47:27:[m[K [01;31m[Kerror: [m[Kâ€˜[01m[Kcout[m[Kâ€™ was not declared in this scope; did you mean â€˜[01m[Kstd::cout[m[Kâ€™?
[1.483s]    47 |     if(msg->data.empty()) [01;31m[Kcout[m[K << "<Chat vazio!>";
[1.483s]       |                           [01;31m[K^~~~[m[K
[1.483s]       |                           [32m[Kstd::cout[m[K
[1.483s] In file included from [01m[K/mnt/HomeWin/projetos/tutorial_ros2/dev_ws/src/cpp_chat/src/chat.cpp:19[m[K:
[1.484s] [01m[K/usr/include/c++/10.2.0/iostream:61:18:[m[K [01;36m[Knote: [m[Kâ€˜[01m[Kstd::cout[m[Kâ€™ declared here
[1.484s]    61 |   extern ostream [01;36m[Kcout[m[K;  /// Linked to standard output
[1.484s]       |                  [01;36m[K^~~~[m[K
[3.190s] make[2]: *** [CMakeFiles/chat.dir/build.make:82: CMakeFiles/chat.dir/src/chat.cpp.o] Erro 1
[3.191s] make[1]: *** [CMakeFiles/Makefile2:101: CMakeFiles/chat.dir/all] Erro 2
[3.192s] make: *** [Makefile:160: all] Erro 2
[3.194s] Invoked command in '/mnt/HomeWin/projetos/tutorial_ros2/dev_ws/build/cpp_chat' returned '2': _=/usr/bin/env /usr/bin/cmake --build /mnt/HomeWin/projetos/tutorial_ros2/dev_ws/build/cpp_chat -- -j8 -l8
