-- Found ament_cmake: 0.9.8 (/opt/ros2/foxy/share/ament_cmake/cmake)
-- Found PythonInterp: /usr/bin/python3 (found suitable version "3.9.1", minimum required is "3") 
-- Using PYTHON_EXECUTABLE: /usr/bin/python3
-- Found rosidl_default_generators: 1.0.0 (/opt/ros2/foxy/share/rosidl_default_generators/cmake)
-- Using all available rosidl_typesupport_c: rosidl_typesupport_fastrtps_c;rosidl_typesupport_introspection_c
-- Found rosidl_adapter: 1.2.0 (/opt/ros2/foxy/share/rosidl_adapter/cmake)
-- Using all available rosidl_typesupport_cpp: rosidl_typesupport_fastrtps_cpp;rosidl_typesupport_introspection_cpp
-- Found rclcpp: 2.3.0 (/opt/ros2/foxy/share/rclcpp/cmake)
-- Found rmw_implementation_cmake: 1.0.2 (/opt/ros2/foxy/share/rmw_implementation_cmake/cmake)
-- Using RMW implementation 'rmw_fastrtps_cpp' as default
-- Found PythonInterp: /usr/bin/python3 (found version "3.9.1") 
-- Found ament_cmake_ros: 0.9.0 (/opt/ros2/foxy/share/ament_cmake_ros/cmake)
-- Using all available rosidl_typesupport_c: rosidl_typesupport_fastrtps_c;rosidl_typesupport_introspection_c
-- Using all available rosidl_typesupport_cpp: rosidl_typesupport_fastrtps_cpp;rosidl_typesupport_introspection_cpp
-- Found PythonInterp: /usr/bin/python3 (found suitable version "3.9.1", minimum required is "3.5") 
-- Found python_cmake_module: 0.8.0 (/opt/ros2/foxy/share/python_cmake_module/cmake)
-- Using PYTHON_EXECUTABLE: /usr/bin/python3
-- Using PYTHON_INCLUDE_DIRS: /usr/include/python3.9
-- Using PYTHON_LIBRARIES: /usr/lib/libpython3.9.so
-- Using numpy include directory: /usr/lib/python3.9/site-packages/numpy/core/include
-- Found ament_lint_auto: 0.9.6 (/opt/ros2/foxy/share/ament_lint_auto/cmake)
-- Added test 'copyright' to check source files copyright and LICENSE
-- Added test 'cppcheck' to perform static code analysis on C / C++ code
-- Configured cppcheck include dirs: 
-- Configured cppcheck exclude dirs and/or files: 
-- Added test 'cpplint' to check C / C++ code against the Google style
-- Configured cpplint exclude dirs and/or files: 
-- Added test 'lint_cmake' to check CMake code style
-- Added test 'uncrustify' to check C / C++ code style
-- Configured uncrustify additional arguments: 
-- Added test 'xmllint' to check XML markup files
-- Configuring done
-- Generating done
-- Build files have been written to: /mnt/HomeWin/projetos/tutorial_ros2/dev_ws/build/more_interfaces
[  6%] Built target more_interfaces__cpp
[ 12%] Built target more_interfaces__rosidl_generator_c
[ 30%] Built target more_interfaces__rosidl_typesupport_introspection_cpp
[ 30%] Built target more_interfaces__rosidl_typesupport_c
[ 39%] Built target more_interfaces__rosidl_typesupport_introspection_c
[ 48%] Built target more_interfaces__rosidl_typesupport_cpp
[ 57%] Built target more_interfaces__rosidl_typesupport_fastrtps_cpp
[ 66%] Built target more_interfaces__rosidl_typesupport_fastrtps_c
[ 66%] Built target more_interfaces
[35m[1mScanning dependencies of target publish_address_book[0m
[ 69%] Built target more_interfaces__py
[ 72%] [32mBuilding CXX object CMakeFiles/publish_address_book.dir/src/publish_address_book.cpp.o[0m
[ 78%] Built target more_interfaces__python
[ 84%] Built target more_interfaces__rosidl_typesupport_introspection_c__pyext
[ 96%] Built target more_interfaces__rosidl_typesupport_fastrtps_c__pyext
[ 96%] Built target more_interfaces__rosidl_typesupport_c__pyext
[01m[K/mnt/HomeWin/projetos/tutorial_ros2/dev_ws/src/more_interfaces/src/publish_address_book.cpp:[m[K In lambda function:
[01m[K/mnt/HomeWin/projetos/tutorial_ros2/dev_ws/src/more_interfaces/src/publish_address_book.cpp:21:17:[m[K [01;31m[Kerror: [m[Kâ€˜[01m[Kstruct more_interfaces::msg::AddressBook_<std::allocator<void> >[m[Kâ€™ has no member named â€˜[01m[Kfirst_name[m[Kâ€™; did you mean â€˜[01m[Kfisrt_name[m[Kâ€™?
   21 |         message.[01;31m[Kfirst_name[m[K = "John";
      |                 [01;31m[K^~~~~~~~~~[m[K
      |                 [32m[Kfisrt_name[m[K
[01m[K/mnt/HomeWin/projetos/tutorial_ros2/dev_ws/src/more_interfaces/src/publish_address_book.cpp:27:62:[m[K [01;31m[Kerror: [m[Kâ€˜[01m[Kstruct more_interfaces::msg::AddressBook_<std::allocator<void> >[m[Kâ€™ has no member named â€˜[01m[Kfirst_name[m[Kâ€™; did you mean â€˜[01m[Kfisrt_name[m[Kâ€™?
   27 |         std::cout << "Publishing Contact\nFirst:" << message.[01;31m[Kfirst_name[m[K <<
      |                                                              [01;31m[K^~~~~~~~~~[m[K
      |                                                              [32m[Kfisrt_name[m[K
make[2]: *** [CMakeFiles/publish_address_book.dir/build.make:82: CMakeFiles/publish_address_book.dir/src/publish_address_book.cpp.o] Erro 1
make[1]: *** [CMakeFiles/Makefile2:354: CMakeFiles/publish_address_book.dir/all] Erro 2
make: *** [Makefile:160: all] Erro 2
