In file included from [01m[K/opt/ros2/foxy/include/rclcpp/service.hpp:34[m[K,
                 from [01m[K/opt/ros2/foxy/include/rclcpp/callback_group.hpp:25[m[K,
                 from [01m[K/opt/ros2/foxy/include/rclcpp/any_executable.hpp:20[m[K,
                 from [01m[K/opt/ros2/foxy/include/rclcpp/memory_strategy.hpp:24[m[K,
                 from [01m[K/opt/ros2/foxy/include/rclcpp/memory_strategies.hpp:18[m[K,
                 from [01m[K/opt/ros2/foxy/include/rclcpp/executor_options.hpp:20[m[K,
                 from [01m[K/opt/ros2/foxy/include/rclcpp/executor.hpp:33[m[K,
                 from [01m[K/opt/ros2/foxy/include/rclcpp/executors/multi_threaded_executor.hpp:25[m[K,
                 from [01m[K/opt/ros2/foxy/include/rclcpp/executors.hpp:21[m[K,
                 from [01m[K/opt/ros2/foxy/include/rclcpp/rclcpp.hpp:146[m[K,
                 from [01m[K/mnt/HomeWin/projetos/tutorial_ros2/dev_ws/src/cpp_chat/src/pub.cpp:20[m[K:
[01m[K/mnt/HomeWin/projetos/tutorial_ros2/dev_ws/src/cpp_chat/src/pub.cpp:[m[K In member function â€˜[01m[Kvoid MinimalPublisher::timer_callback()[m[Kâ€™:
[01m[K/mnt/HomeWin/projetos/tutorial_ros2/dev_ws/src/cpp_chat/src/pub.cpp:50:23:[m[K [01;31m[Kerror: [m[Kâ€˜[01m[Kclass MinimalPublisher[m[Kâ€™ has no member named â€˜[01m[KnullLog[m[Kâ€™
   50 |     RCLCPP_INFO(this->[01;31m[KnullLog[m[K, "Publishing: '%s'", message.data.c_str());
      |                       [01;31m[K^~~~~~~[m[K
[01m[K/mnt/HomeWin/projetos/tutorial_ros2/dev_ws/src/cpp_chat/src/pub.cpp:50:23:[m[K [01;31m[Kerror: [m[Kâ€˜[01m[Kclass MinimalPublisher[m[Kâ€™ has no member named â€˜[01m[KnullLog[m[Kâ€™
[01m[K/mnt/HomeWin/projetos/tutorial_ros2/dev_ws/src/cpp_chat/src/pub.cpp:50:5:[m[K [01;31m[Kerror: [m[Ktemplate argument 1 is invalid
   50 |     [01;31m[KRCLCPP_INFO[m[K(this->nullLog, "Publishing: '%s'", message.data.c_str());
      |     [01;31m[K^~~~~~~~~~~[m[K
[01m[K/mnt/HomeWin/projetos/tutorial_ros2/dev_ws/src/cpp_chat/src/pub.cpp:50:5:[m[K [01;31m[Kerror: [m[Kâ€˜[01m[K<declaration error>[m[Kâ€™ is not a template [[01;31m[K]8;;https://gcc.gnu.org/onlinedocs/gcc/Warning-Options.html#index-fpermissive-fpermissive]8;;[m[K]
   50 |     [01;31m[KRCLCPP_INFO[m[K(this->nullLog, "Publishing: '%s'", message.data.c_str());
      |     [01;31m[K^~~~~~~~~~~[m[K
[01m[K/mnt/HomeWin/projetos/tutorial_ros2/dev_ws/src/cpp_chat/src/pub.cpp:50:5:[m[K [01;31m[Kerror: [m[Ktemplate argument 1 is invalid
   50 |     [01;31m[KRCLCPP_INFO[m[K(this->nullLog, "Publishing: '%s'", message.data.c_str());
      |     [01;31m[K^~~~~~~~~~~[m[K
[01m[K/mnt/HomeWin/projetos/tutorial_ros2/dev_ws/src/cpp_chat/src/pub.cpp:50:5:[m[K [01;31m[Kerror: [m[Kâ€˜[01m[K<declaration error>[m[Kâ€™ is not a template [[01;31m[K]8;;https://gcc.gnu.org/onlinedocs/gcc/Warning-Options.html#index-fpermissive-fpermissive]8;;[m[K]
   50 |     [01;31m[KRCLCPP_INFO[m[K(this->nullLog, "Publishing: '%s'", message.data.c_str());
      |     [01;31m[K^~~~~~~~~~~[m[K
[01m[K/mnt/HomeWin/projetos/tutorial_ros2/dev_ws/src/cpp_chat/src/pub.cpp:50:5:[m[K [01;31m[Kerror: [m[Ktemplate argument 1 is invalid
   50 |     [01;31m[KRCLCPP_INFO[m[K(this->nullLog, "Publishing: '%s'", message.data.c_str());
      |     [01;31m[K^~~~~~~~~~~[m[K
In file included from [01m[K/opt/ros2/foxy/include/rclcpp/client.hpp:40[m[K,
                 from [01m[K/opt/ros2/foxy/include/rclcpp/callback_group.hpp:23[m[K,
                 from [01m[K/opt/ros2/foxy/include/rclcpp/any_executable.hpp:20[m[K,
                 from [01m[K/opt/ros2/foxy/include/rclcpp/memory_strategy.hpp:24[m[K,
                 from [01m[K/opt/ros2/foxy/include/rclcpp/memory_strategies.hpp:18[m[K,
                 from [01m[K/opt/ros2/foxy/include/rclcpp/executor_options.hpp:20[m[K,
                 from [01m[K/opt/ros2/foxy/include/rclcpp/executor.hpp:33[m[K,
                 from [01m[K/opt/ros2/foxy/include/rclcpp/executors/multi_threaded_executor.hpp:25[m[K,
                 from [01m[K/opt/ros2/foxy/include/rclcpp/executors.hpp:21[m[K,
                 from [01m[K/opt/ros2/foxy/include/rclcpp/rclcpp.hpp:146[m[K,
                 from [01m[K/mnt/HomeWin/projetos/tutorial_ros2/dev_ws/src/cpp_chat/src/pub.cpp:20[m[K:
[01m[K/mnt/HomeWin/projetos/tutorial_ros2/dev_ws/src/cpp_chat/src/pub.cpp:50:23:[m[K [01;31m[Kerror: [m[Kâ€˜[01m[Kclass MinimalPublisher[m[Kâ€™ has no member named â€˜[01m[KnullLog[m[Kâ€™
   50 |     RCLCPP_INFO(this->[01;31m[KnullLog[m[K, "Publishing: '%s'", message.data.c_str());
      |                       [01;31m[K^~~~~~~[m[K
[01m[K/mnt/HomeWin/projetos/tutorial_ros2/dev_ws/src/cpp_chat/src/pub.cpp:50:23:[m[K [01;31m[Kerror: [m[Kâ€˜[01m[Kclass MinimalPublisher[m[Kâ€™ has no member named â€˜[01m[KnullLog[m[Kâ€™
   50 |     RCLCPP_INFO(this->[01;31m[KnullLog[m[K, "Publishing: '%s'", message.data.c_str());
      |                       [01;31m[K^~~~~~~[m[K
make[2]: *** [CMakeFiles/pub.dir/build.make:82: CMakeFiles/pub.dir/src/pub.cpp.o] Erro 1
make[1]: *** [CMakeFiles/Makefile2:128: CMakeFiles/pub.dir/all] Erro 2
make: *** [Makefile:160: all] Erro 2
