[0.066s] Invoking command in '/mnt/HomeWin/projetos/tutorial_ros2/dev_ws/build/cpp_chat': _=/usr/bin/env /usr/bin/cmake /mnt/HomeWin/projetos/tutorial_ros2/dev_ws/src/cpp_chat -DCMAKE_INSTALL_PREFIX=/mnt/HomeWin/projetos/tutorial_ros2/dev_ws/install/cpp_chat
[0.176s] -- The C compiler identification is GNU 10.2.0
[0.384s] -- The CXX compiler identification is GNU 10.2.0
[0.394s] -- Detecting C compiler ABI info
[0.480s] -- Detecting C compiler ABI info - done
[0.487s] -- Check for working C compiler: /usr/bin/cc - skipped
[0.487s] -- Detecting C compile features
[0.488s] -- Detecting C compile features - done
[0.491s] -- Detecting CXX compiler ABI info
[0.659s] -- Detecting CXX compiler ABI info - done
[0.668s] -- Check for working CXX compiler: /usr/bin/c++ - skipped
[0.669s] -- Detecting CXX compile features
[0.669s] -- Detecting CXX compile features - done
[0.673s] -- Found ament_cmake: 0.9.8 (/opt/ros2/foxy/share/ament_cmake/cmake)
[0.715s] -- Found PythonInterp: /usr/bin/python3 (found suitable version "3.9.1", minimum required is "3") 
[0.715s] -- Using PYTHON_EXECUTABLE: /usr/bin/python3
[0.997s] -- Found rclcpp: 2.3.0 (/opt/ros2/foxy/share/rclcpp/cmake)
[1.066s] -- Using all available rosidl_typesupport_c: rosidl_typesupport_fastrtps_c;rosidl_typesupport_introspection_c
[1.079s] -- Found rosidl_adapter: 1.2.0 (/opt/ros2/foxy/share/rosidl_adapter/cmake)
[1.162s] -- Found OpenSSL: /usr/lib/libcrypto.so (found version "1.1.1i")  
[1.195s] -- Found FastRTPS: /opt/ros2/foxy/include  
[1.292s] -- Using all available rosidl_typesupport_cpp: rosidl_typesupport_fastrtps_cpp;rosidl_typesupport_introspection_cpp
[1.362s] -- Found rmw_implementation_cmake: 1.0.2 (/opt/ros2/foxy/share/rmw_implementation_cmake/cmake)
[1.365s] -- Using RMW implementation 'rmw_fastrtps_cpp' as default
[1.366s] -- Looking for pthread.h
[1.550s] -- Looking for pthread.h - found
[1.551s] -- Performing Test CMAKE_HAVE_LIBC_PTHREAD
[1.804s] -- Performing Test CMAKE_HAVE_LIBC_PTHREAD - Failed
[1.805s] -- Looking for pthread_create in pthreads
[1.945s] -- Looking for pthread_create in pthreads - not found
[1.945s] -- Looking for pthread_create in pthread
[2.090s] -- Looking for pthread_create in pthread - found
[2.097s] -- Found Threads: TRUE  
[2.297s] -- Found ament_lint_auto: 0.9.6 (/opt/ros2/foxy/share/ament_lint_auto/cmake)
[2.405s] -- Added test 'copyright' to check source files copyright and LICENSE
[2.414s] -- Added test 'cppcheck' to perform static code analysis on C / C++ code
[2.415s] -- Configured cppcheck include dirs: 
[2.415s] -- Configured cppcheck exclude dirs and/or files: 
[2.422s] -- Added test 'cpplint' to check C / C++ code against the Google style
[2.422s] -- Configured cpplint exclude dirs and/or files: 
[2.427s] -- Added test 'lint_cmake' to check CMake code style
[2.436s] -- Added test 'uncrustify' to check C / C++ code style
[2.436s] -- Configured uncrustify additional arguments: 
[2.437s] -- Added test 'xmllint' to check XML markup files
[2.441s] -- Configuring done
[2.463s] -- Generating done
[2.467s] -- Build files have been written to: /mnt/HomeWin/projetos/tutorial_ros2/dev_ws/build/cpp_chat
[2.472s] Invoked command in '/mnt/HomeWin/projetos/tutorial_ros2/dev_ws/build/cpp_chat' returned '0': _=/usr/bin/env /usr/bin/cmake /mnt/HomeWin/projetos/tutorial_ros2/dev_ws/src/cpp_chat -DCMAKE_INSTALL_PREFIX=/mnt/HomeWin/projetos/tutorial_ros2/dev_ws/install/cpp_chat
[2.475s] Invoking command in '/mnt/HomeWin/projetos/tutorial_ros2/dev_ws/build/cpp_chat': _=/usr/bin/env /usr/bin/cmake --build /mnt/HomeWin/projetos/tutorial_ros2/dev_ws/build/cpp_chat -- -j8 -l8
[2.516s] [35m[1mScanning dependencies of target chat[0m
[2.516s] [35m[1mScanning dependencies of target pub[0m
[2.516s] [35m[1mScanning dependencies of target sub[0m
[2.549s] [ 50%] [32mBuilding CXX object CMakeFiles/pub.dir/src/pub.cpp.o[0m
[2.549s] [ 50%] [32mBuilding CXX object CMakeFiles/sub.dir/src/sub.cpp.o[0m
[2.549s] [ 50%] [32mBuilding CXX object CMakeFiles/chat.dir/src/chat.cpp.o[0m
[4.153s] [01m[K/mnt/HomeWin/projetos/tutorial_ros2/dev_ws/src/cpp_chat/src/chat.cpp:34:3:[m[K [01;31m[Kerror: [m[KISO C++ forbids declaration of â€˜[01m[KMinimalPublisher[m[Kâ€™ with no type [[01;31m[K]8;;https://gcc.gnu.org/onlinedocs/gcc/Warning-Options.html#index-fpermissive-fpermissive]8;;[m[K]
[4.153s]    34 |   [01;31m[KMinimalPublisher[m[K()
[4.154s]       |   [01;31m[K^~~~~~~~~~~~~~~~[m[K
[4.187s] [01m[K/mnt/HomeWin/projetos/tutorial_ros2/dev_ws/src/cpp_chat/src/chat.cpp:[m[K In member function â€˜[01m[Kint MinimalSubscriber::MinimalPublisher()[m[Kâ€™:
[4.187s] [01m[K/mnt/HomeWin/projetos/tutorial_ros2/dev_ws/src/cpp_chat/src/chat.cpp:35:5:[m[K [01;31m[Kerror: [m[Konly constructors take member initializers
[4.188s]    35 |   : [01;31m[KNode[m[K("minimal_publisher"), count_(0)
[4.188s]       |     [01;31m[K^~~~[m[K
[4.188s] [01m[K/mnt/HomeWin/projetos/tutorial_ros2/dev_ws/src/cpp_chat/src/chat.cpp:39:7:[m[K [01;31m[Kerror: [m[Kunable to find numeric literal operator â€˜[01m[Koperator""ms[m[Kâ€™
[4.189s]    39 |       [01;31m[K500ms[m[K, std::bind(&MinimalPublisher::timer_callback, this));
[4.189s]       |       [01;31m[K^~~~~[m[K
[4.189s] [01m[K/mnt/HomeWin/projetos/tutorial_ros2/dev_ws/src/cpp_chat/src/chat.cpp:39:25:[m[K [01;31m[Kerror: [m[Kâ€˜[01m[KMinimalPublisher[m[Kâ€™ is not a class, namespace, or enumeration
[4.190s]    39 |       500ms, std::bind(&[01;31m[KMinimalPublisher[m[K::timer_callback, this));
[4.190s]       |                         [01;31m[K^~~~~~~~~~~~~~~~[m[K
[4.191s] [01m[K/mnt/HomeWin/projetos/tutorial_ros2/dev_ws/src/cpp_chat/src/chat.cpp:40:3:[m[K [01;35m[Kwarning: [m[Kno return statement in function returning non-void [[01;35m[K]8;;https://gcc.gnu.org/onlinedocs/gcc/Warning-Options.html#index-Wreturn-type-Wreturn-type]8;;[m[K]
[4.191s]    40 |   [01;35m[K}[m[K
[4.192s]       |   [01;35m[K^[m[K
[6.278s] make[2]: *** [CMakeFiles/chat.dir/build.make:82: CMakeFiles/chat.dir/src/chat.cpp.o] Erro 1
[6.280s] make[1]: *** [CMakeFiles/Makefile2:101: CMakeFiles/chat.dir/all] Erro 2
[6.281s] make[1]: ** Esperando que outros processos terminem.
[6.544s] [ 66%] [32m[1mLinking CXX executable pub[0m
[6.909s] [ 66%] Built target pub
[8.548s] [ 83%] [32m[1mLinking CXX executable sub[0m
[8.943s] [ 83%] Built target sub
[8.945s] make: *** [Makefile:160: all] Erro 2
[8.946s] Invoked command in '/mnt/HomeWin/projetos/tutorial_ros2/dev_ws/build/cpp_chat' returned '2': _=/usr/bin/env /usr/bin/cmake --build /mnt/HomeWin/projetos/tutorial_ros2/dev_ws/build/cpp_chat -- -j8 -l8
