In file included from [01m[K/opt/ros2/foxy/include/rclcpp/client.hpp:40[m[K,
                 from [01m[K/opt/ros2/foxy/include/rclcpp/callback_group.hpp:23[m[K,
                 from [01m[K/opt/ros2/foxy/include/rclcpp/any_executable.hpp:20[m[K,
                 from [01m[K/opt/ros2/foxy/include/rclcpp/memory_strategy.hpp:24[m[K,
                 from [01m[K/opt/ros2/foxy/include/rclcpp/memory_strategies.hpp:18[m[K,
                 from [01m[K/opt/ros2/foxy/include/rclcpp/executor_options.hpp:20[m[K,
                 from [01m[K/opt/ros2/foxy/include/rclcpp/executor.hpp:33[m[K,
                 from [01m[K/opt/ros2/foxy/include/rclcpp/executors/multi_threaded_executor.hpp:25[m[K,
                 from [01m[K/opt/ros2/foxy/include/rclcpp/executors.hpp:21[m[K,
                 from [01m[K/opt/ros2/foxy/include/rclcpp/rclcpp.hpp:146[m[K,
                 from [01m[K/mnt/HomeWin/projetos/tutorial_ros2/dev_ws/src/cpp_chat/src/pub.cpp:20[m[K:
[01m[K/mnt/HomeWin/projetos/tutorial_ros2/dev_ws/src/cpp_chat/src/pub.cpp:[m[K In member function â€˜[01m[Kvoid MinimalPublisher::timer_callback()[m[Kâ€™:
[01m[K/mnt/HomeWin/projetos/tutorial_ros2/dev_ws/src/cpp_chat/src/pub.cpp:46:5:[m[K [01;31m[Kerror: [m[Kno matching function for call to â€˜[01m[Kget_c_string()[m[Kâ€™
   46 |     [01;31m[KRCLCPP_INFO[m[K(this->get_logger());
      |     [01;31m[K^~~~~~~~~~~[m[K
In file included from [01m[K/opt/ros2/foxy/include/rclcpp/client.hpp:36[m[K,
                 from [01m[K/opt/ros2/foxy/include/rclcpp/callback_group.hpp:23[m[K,
                 from [01m[K/opt/ros2/foxy/include/rclcpp/any_executable.hpp:20[m[K,
                 from [01m[K/opt/ros2/foxy/include/rclcpp/memory_strategy.hpp:24[m[K,
                 from [01m[K/opt/ros2/foxy/include/rclcpp/memory_strategies.hpp:18[m[K,
                 from [01m[K/opt/ros2/foxy/include/rclcpp/executor_options.hpp:20[m[K,
                 from [01m[K/opt/ros2/foxy/include/rclcpp/executor.hpp:33[m[K,
                 from [01m[K/opt/ros2/foxy/include/rclcpp/executors/multi_threaded_executor.hpp:25[m[K,
                 from [01m[K/opt/ros2/foxy/include/rclcpp/executors.hpp:21[m[K,
                 from [01m[K/opt/ros2/foxy/include/rclcpp/rclcpp.hpp:146[m[K,
                 from [01m[K/mnt/HomeWin/projetos/tutorial_ros2/dev_ws/src/cpp_chat/src/pub.cpp:20[m[K:
[01m[K/opt/ros2/foxy/include/rclcpp/utilities.hpp:296:1:[m[K [01;36m[Knote: [m[Kcandidate: â€˜[01m[Kconst char* rclcpp::get_c_string(const char*)[m[Kâ€™
  296 | [01;36m[Kget_c_string[m[K(const char * string_in);
      | [01;36m[K^~~~~~~~~~~~[m[K
[01m[K/opt/ros2/foxy/include/rclcpp/utilities.hpp:296:1:[m[K [01;36m[Knote: [m[K  candidate expects 1 argument, 0 provided
[01m[K/opt/ros2/foxy/include/rclcpp/utilities.hpp:305:1:[m[K [01;36m[Knote: [m[Kcandidate: â€˜[01m[Kconst char* rclcpp::get_c_string(const string&)[m[Kâ€™
  305 | [01;36m[Kget_c_string[m[K(const std::string & string_in);
      | [01;36m[K^~~~~~~~~~~~[m[K
[01m[K/opt/ros2/foxy/include/rclcpp/utilities.hpp:305:1:[m[K [01;36m[Knote: [m[K  candidate expects 1 argument, 0 provided
make[2]: *** [CMakeFiles/pub.dir/build.make:82: CMakeFiles/pub.dir/src/pub.cpp.o] Erro 1
make[1]: *** [CMakeFiles/Makefile2:128: CMakeFiles/pub.dir/all] Erro 2
make: *** [Makefile:160: all] Erro 2
