[0.037s] Invoking command in '/mnt/HomeWin/projetos/tutorial_ros2/dev_ws/build/cpp_chat': _=/usr/bin/env /usr/bin/cmake --build /mnt/HomeWin/projetos/tutorial_ros2/dev_ws/build/cpp_chat -- -j8 -l8
[0.112s] [35m[1mScanning dependencies of target sub[0m
[0.132s] [ 66%] Built target pub
[0.133s] [ 66%] Built target chat
[0.140s] [ 83%] [32mBuilding CXX object CMakeFiles/sub.dir/src/sub.cpp.o[0m
[2.237s] [01m[K/mnt/HomeWin/projetos/tutorial_ros2/dev_ws/src/cpp_chat/src/sub.cpp:[m[K In constructor â€˜[01m[KMinimalSubscriber::MinimalSubscriber()[m[Kâ€™:
[2.237s] [01m[K/mnt/HomeWin/projetos/tutorial_ros2/dev_ws/src/cpp_chat/src/sub.cpp:35:5:[m[K [01;31m[Kerror: [m[Kâ€˜[01m[Krclcp[m[Kâ€™ was not declared in this scope; did you mean â€˜[01m[Krclcpp[m[Kâ€™?
[2.238s]    35 |     [01;31m[Krclcp[m[K
[2.238s]       |     [01;31m[K^~~~~[m[K
[2.238s]       |     [32m[Krclcpp[m[K
[2.935s] make[2]: *** [CMakeFiles/sub.dir/build.make:82: CMakeFiles/sub.dir/src/sub.cpp.o] Erro 1
[2.936s] make[1]: *** [CMakeFiles/Makefile2:155: CMakeFiles/sub.dir/all] Erro 2
[2.940s] make: *** [Makefile:160: all] Erro 2
[2.943s] Invoked command in '/mnt/HomeWin/projetos/tutorial_ros2/dev_ws/build/cpp_chat' returned '2': _=/usr/bin/env /usr/bin/cmake --build /mnt/HomeWin/projetos/tutorial_ros2/dev_ws/build/cpp_chat -- -j8 -l8
