[35m[1mScanning dependencies of target chat[0m
[35m[1mScanning dependencies of target pub[0m
[ 33%] Built target sub
[ 66%] [32mBuilding CXX object CMakeFiles/pub.dir/src/pub.cpp.o[0m
[ 66%] [32mBuilding CXX object CMakeFiles/chat.dir/src/chat.cpp.o[0m
[01m[K/mnt/HomeWin/projetos/tutorial_ros2/dev_ws/src/cpp_chat/src/chat.cpp:[m[K In constructor â€˜[01m[KMinimalChat::MinimalChat()[m[Kâ€™:
[01m[K/mnt/HomeWin/projetos/tutorial_ros2/dev_ws/src/cpp_chat/src/chat.cpp:39:83:[m[K [01;31m[Kerror: [m[Kinvalid use of non-static member function â€˜[01m[Kvoid MinimalChat::timer_callback()[m[Kâ€™
   39 |     timer_ = this->create_wall_timer(std::chrono::microseconds(500), [01;31m[KMinimalChat::timer_callback[m[K, nullptr));
      |                                                                      [01;31m[K~~~~~~~~~~~~~^~~~~~~~~~~~~~[m[K
[01m[K/mnt/HomeWin/projetos/tutorial_ros2/dev_ws/src/cpp_chat/src/chat.cpp:47:8:[m[K [01;36m[Knote: [m[Kdeclared here
   47 |   void [01;36m[Ktimer_callback[m[K()
      |        [01;36m[K^~~~~~~~~~~~~~[m[K
make[2]: *** [CMakeFiles/chat.dir/build.make:82: CMakeFiles/chat.dir/src/chat.cpp.o] Erro 1
make[1]: *** [CMakeFiles/Makefile2:101: CMakeFiles/chat.dir/all] Erro 2
make[1]: ** Esperando que outros processos terminem.
[ 83%] [32m[1mLinking CXX executable pub[0m
[ 83%] Built target pub
make: *** [Makefile:160: all] Erro 2
