[35m[1mScanning dependencies of target sub[0m
[ 50%] Built target pub
[ 66%] Built target chat
[ 83%] [32mBuilding CXX object CMakeFiles/sub.dir/src/sub.cpp.o[0m
[01m[K/mnt/HomeWin/projetos/tutorial_ros2/dev_ws/src/cpp_chat/src/sub.cpp:[m[K In member function â€˜[01m[Kvoid MinimalSubscriber::topic_callback(std_msgs::msg::String_<std::allocator<void> >::SharedPtr) const[m[Kâ€™:
[01m[K/mnt/HomeWin/projetos/tutorial_ros2/dev_ws/src/cpp_chat/src/sub.cpp:42:5:[m[K [01;31m[Kerror: [m[Kâ€˜[01m[Kstring[m[Kâ€™ was not declared in this scope; did you mean â€˜[01m[Kstd::string[m[Kâ€™?
   42 |     [01;31m[Kstring[m[K nameLog = "minimal_subscriber";
      |     [01;31m[K^~~~~~[m[K
      |     [32m[Kstd::string[m[K
In file included from [01m[K/usr/include/c++/10.2.0/iosfwd:39[m[K,
                 from [01m[K/usr/include/c++/10.2.0/memory:74[m[K,
                 from [01m[K/mnt/HomeWin/projetos/tutorial_ros2/dev_ws/src/cpp_chat/src/sub.cpp:16[m[K:
[01m[K/usr/include/c++/10.2.0/bits/stringfwd.h:79:33:[m[K [01;36m[Knote: [m[Kâ€˜[01m[Kstd::string[m[Kâ€™ declared here
   79 |   typedef basic_string<char>    [01;36m[Kstring[m[K;
      |                                 [01;36m[K^~~~~~[m[K
[01m[K/mnt/HomeWin/projetos/tutorial_ros2/dev_ws/src/cpp_chat/src/sub.cpp:43:28:[m[K [01;31m[Kerror: [m[Kâ€˜[01m[KnameLog[m[Kâ€™ was not declared in this scope
   43 |     rclcpp::Logger nullLog([01;31m[KnameLog[m[K);
      |                            [01;31m[K^~~~~~~[m[K
make[2]: *** [CMakeFiles/sub.dir/build.make:82: CMakeFiles/sub.dir/src/sub.cpp.o] Erro 1
make[1]: *** [CMakeFiles/Makefile2:155: CMakeFiles/sub.dir/all] Erro 2
make: *** [Makefile:160: all] Erro 2
