[01m[K/mnt/HomeWin/projetos/tutorial_ros2/dev_ws/src/cpp_chat/src/sub.cpp:27:1:[m[K [01;31m[Kerror: [m[Kexpected â€˜[01m[K,[m[Kâ€™ or â€˜[01m[K;[m[Kâ€™ before â€˜[01m[Kusing[m[Kâ€™
   27 | [01;31m[Kusing[m[K std::placeholders::_1;
      | [01;31m[K^~~~~[m[K
[01m[K/mnt/HomeWin/projetos/tutorial_ros2/dev_ws/src/cpp_chat/src/sub.cpp:[m[K In constructor â€˜[01m[KMinimalSubscriber::MinimalSubscriber()[m[Kâ€™:
[01m[K/mnt/HomeWin/projetos/tutorial_ros2/dev_ws/src/cpp_chat/src/sub.cpp:36:72:[m[K [01;31m[Kerror: [m[Kâ€˜[01m[K_1[m[Kâ€™ was not declared in this scope; did you mean â€˜[01m[Kstd::placeholders::_1[m[Kâ€™?
   36 |       "topic", 10, std::bind(&MinimalSubscriber::topic_callback, this, [01;31m[K_1[m[K));
      |                                                                        [01;31m[K^~[m[K
      |                                                                        [32m[Kstd::placeholders::_1[m[K
In file included from [01m[K/mnt/HomeWin/projetos/tutorial_ros2/dev_ws/src/cpp_chat/src/sub.cpp:15[m[K:
[01m[K/usr/include/c++/10.2.0/functional:221:34:[m[K [01;36m[Knote: [m[Kâ€˜[01m[Kstd::placeholders::_1[m[Kâ€™ declared here
  221 |     extern const _Placeholder<1> [01;36m[K_1[m[K;
      |                                  [01;36m[K^~[m[K
make[2]: *** [CMakeFiles/sub.dir/build.make:82: CMakeFiles/sub.dir/src/sub.cpp.o] Erro 1
make[1]: *** [CMakeFiles/Makefile2:155: CMakeFiles/sub.dir/all] Erro 2
make: *** [Makefile:160: all] Erro 2
