[0.037s] Invoking command in '/mnt/HomeWin/projetos/tutorial_ros2/dev_ws/build/cpp_chat': _=/usr/bin/env /usr/bin/cmake --build /mnt/HomeWin/projetos/tutorial_ros2/dev_ws/build/cpp_chat -- -j8 -l8
[0.093s] [35m[1mScanning dependencies of target sub[0m
[0.109s] [ 33%] Built target pub
[0.110s] [ 66%] Built target chat
[0.119s] [ 83%] [32mBuilding CXX object CMakeFiles/sub.dir/src/sub.cpp.o[0m
[1.613s] [01m[K/mnt/HomeWin/projetos/tutorial_ros2/dev_ws/src/cpp_chat/src/sub.cpp:27:1:[m[K [01;31m[Kerror: [m[Kexpected â€˜[01m[K,[m[Kâ€™ or â€˜[01m[K;[m[Kâ€™ before â€˜[01m[Kusing[m[Kâ€™
[1.613s]    27 | [01;31m[Kusing[m[K std::placeholders::_1;
[1.613s]       | [01;31m[K^~~~~[m[K
[1.627s] [01m[K/mnt/HomeWin/projetos/tutorial_ros2/dev_ws/src/cpp_chat/src/sub.cpp:[m[K In constructor â€˜[01m[KMinimalSubscriber::MinimalSubscriber()[m[Kâ€™:
[1.628s] [01m[K/mnt/HomeWin/projetos/tutorial_ros2/dev_ws/src/cpp_chat/src/sub.cpp:36:72:[m[K [01;31m[Kerror: [m[Kâ€˜[01m[K_1[m[Kâ€™ was not declared in this scope; did you mean â€˜[01m[Kstd::placeholders::_1[m[Kâ€™?
[1.628s]    36 |       "topic", 10, std::bind(&MinimalSubscriber::topic_callback, this, [01;31m[K_1[m[K));
[1.628s]       |                                                                        [01;31m[K^~[m[K
[1.628s]       |                                                                        [32m[Kstd::placeholders::_1[m[K
[1.628s] In file included from [01m[K/mnt/HomeWin/projetos/tutorial_ros2/dev_ws/src/cpp_chat/src/sub.cpp:15[m[K:
[1.628s] [01m[K/usr/include/c++/10.2.0/functional:221:34:[m[K [01;36m[Knote: [m[Kâ€˜[01m[Kstd::placeholders::_1[m[Kâ€™ declared here
[1.629s]   221 |     extern const _Placeholder<1> [01;36m[K_1[m[K;
[1.629s]       |                                  [01;36m[K^~[m[K
[2.091s] make[2]: *** [CMakeFiles/sub.dir/build.make:82: CMakeFiles/sub.dir/src/sub.cpp.o] Erro 1
[2.092s] make[1]: *** [CMakeFiles/Makefile2:155: CMakeFiles/sub.dir/all] Erro 2
[2.094s] make: *** [Makefile:160: all] Erro 2
[2.098s] Invoked command in '/mnt/HomeWin/projetos/tutorial_ros2/dev_ws/build/cpp_chat' returned '2': _=/usr/bin/env /usr/bin/cmake --build /mnt/HomeWin/projetos/tutorial_ros2/dev_ws/build/cpp_chat -- -j8 -l8
