[0.031s] Invoking command in '/mnt/HomeWin/projetos/tutorial_ros2/dev_ws/build/cpp_chat': _=/usr/bin/env /usr/bin/cmake --build /mnt/HomeWin/projetos/tutorial_ros2/dev_ws/build/cpp_chat -- -j8 -l8
[0.079s] [35m[1mScanning dependencies of target chat[0m
[0.081s] [35m[1mScanning dependencies of target sub[0m
[0.095s] [ 33%] Built target pub
[0.098s] [ 50%] [32mBuilding CXX object CMakeFiles/chat.dir/src/chat.cpp.o[0m
[0.101s] [ 66%] [32mBuilding CXX object CMakeFiles/sub.dir/src/sub.cpp.o[0m
[1.667s] In file included from [01m[K/opt/ros2/foxy/include/rclcpp/service.hpp:34[m[K,
[1.667s]                  from [01m[K/opt/ros2/foxy/include/rclcpp/callback_group.hpp:25[m[K,
[1.668s]                  from [01m[K/opt/ros2/foxy/include/rclcpp/any_executable.hpp:20[m[K,
[1.668s]                  from [01m[K/opt/ros2/foxy/include/rclcpp/memory_strategy.hpp:24[m[K,
[1.668s]                  from [01m[K/opt/ros2/foxy/include/rclcpp/memory_strategies.hpp:18[m[K,
[1.668s]                  from [01m[K/opt/ros2/foxy/include/rclcpp/executor_options.hpp:20[m[K,
[1.668s]                  from [01m[K/opt/ros2/foxy/include/rclcpp/executor.hpp:33[m[K,
[1.669s]                  from [01m[K/opt/ros2/foxy/include/rclcpp/executors/multi_threaded_executor.hpp:25[m[K,
[1.669s]                  from [01m[K/opt/ros2/foxy/include/rclcpp/executors.hpp:21[m[K,
[1.669s]                  from [01m[K/opt/ros2/foxy/include/rclcpp/rclcpp.hpp:146[m[K,
[1.669s]                  from [01m[K/mnt/HomeWin/projetos/tutorial_ros2/dev_ws/src/cpp_chat/src/chat.cpp:21[m[K:
[1.669s] [01m[K/mnt/HomeWin/projetos/tutorial_ros2/dev_ws/src/cpp_chat/src/chat.cpp:[m[K In member function â€˜[01m[Kvoid MinimalChat::topic_callback(std_msgs::msg::String_<std::allocator<void> >::SharedPtr) const[m[Kâ€™:
[1.670s] [01m[K/mnt/HomeWin/projetos/tutorial_ros2/dev_ws/src/cpp_chat/src/chat.cpp:61:36:[m[K [01;31m[Kerror: [m[Kâ€˜[01m[KtypesOrigin[m[Kâ€™ was not declared in this scope
[1.670s]    61 |     RCLCPP_INFO(rclcpp::get_logger([01;31m[KtypesOrigin[m[K[int(msg->data.front())]+strLog), "\n << '%s'", msg->data.c_str());
[1.670s]       |                                    [01;31m[K^~~~~~~~~~~[m[K
[1.670s] [01m[K/mnt/HomeWin/projetos/tutorial_ros2/dev_ws/src/cpp_chat/src/chat.cpp:61:72:[m[K [01;31m[Kerror: [m[Kâ€˜[01m[KstrLog[m[Kâ€™ was not declared in this scope; did you mean â€˜[01m[KstrMsg[m[Kâ€™?
[1.670s]    61 |     RCLCPP_INFO(rclcpp::get_logger(typesOrigin[int(msg->data.front())]+[01;31m[KstrLog[m[K), "\n << '%s'", msg->data.c_str());
[1.671s]       |                                                                        [01;31m[K^~~~~~[m[K
[1.671s] [01m[K/mnt/HomeWin/projetos/tutorial_ros2/dev_ws/src/cpp_chat/src/chat.cpp:61:5:[m[K [01;31m[Kerror: [m[Ktemplate argument 1 is invalid
[1.671s]    61 |     [01;31m[KRCLCPP_INFO[m[K(rclcpp::get_logger(typesOrigin[int(msg->data.front())]+strLog), "\n << '%s'", msg->data.c_str());
[1.671s]       |     [01;31m[K^~~~~~~~~~~[m[K
[1.671s] [01m[K/mnt/HomeWin/projetos/tutorial_ros2/dev_ws/src/cpp_chat/src/chat.cpp:61:5:[m[K [01;31m[Kerror: [m[Kâ€˜[01m[K<declaration error>[m[Kâ€™ is not a template [[01;31m[K]8;;https://gcc.gnu.org/onlinedocs/gcc/Warning-Options.html#index-fpermissive-fpermissive]8;;[m[K]
[1.671s]    61 |     [01;31m[KRCLCPP_INFO[m[K(rclcpp::get_logger(typesOrigin[int(msg->data.front())]+strLog), "\n << '%s'", msg->data.c_str());
[1.672s]       |     [01;31m[K^~~~~~~~~~~[m[K
[1.672s] [01m[K/mnt/HomeWin/projetos/tutorial_ros2/dev_ws/src/cpp_chat/src/chat.cpp:61:5:[m[K [01;31m[Kerror: [m[Ktemplate argument 1 is invalid
[1.672s]    61 |     [01;31m[KRCLCPP_INFO[m[K(rclcpp::get_logger(typesOrigin[int(msg->data.front())]+strLog), "\n << '%s'", msg->data.c_str());
[1.672s]       |     [01;31m[K^~~~~~~~~~~[m[K
[1.673s] [01m[K/mnt/HomeWin/projetos/tutorial_ros2/dev_ws/src/cpp_chat/src/chat.cpp:61:5:[m[K [01;31m[Kerror: [m[Kâ€˜[01m[K<declaration error>[m[Kâ€™ is not a template [[01;31m[K]8;;https://gcc.gnu.org/onlinedocs/gcc/Warning-Options.html#index-fpermissive-fpermissive]8;;[m[K]
[1.673s]    61 |     [01;31m[KRCLCPP_INFO[m[K(rclcpp::get_logger(typesOrigin[int(msg->data.front())]+strLog), "\n << '%s'", msg->data.c_str());
[1.673s]       |     [01;31m[K^~~~~~~~~~~[m[K
[1.674s] [01m[K/mnt/HomeWin/projetos/tutorial_ros2/dev_ws/src/cpp_chat/src/chat.cpp:61:5:[m[K [01;31m[Kerror: [m[Ktemplate argument 1 is invalid
[1.674s]    61 |     [01;31m[KRCLCPP_INFO[m[K(rclcpp::get_logger(typesOrigin[int(msg->data.front())]+strLog), "\n << '%s'", msg->data.c_str());
[1.675s]       |     [01;31m[K^~~~~~~~~~~[m[K
[3.640s] make[2]: *** [CMakeFiles/chat.dir/build.make:82: CMakeFiles/chat.dir/src/chat.cpp.o] Erro 1
[3.641s] make[1]: *** [CMakeFiles/Makefile2:101: CMakeFiles/chat.dir/all] Erro 2
[3.641s] make[1]: ** Esperando que outros processos terminem.
[5.582s] [ 83%] [32m[1mLinking CXX executable sub[0m
[5.998s] [ 83%] Built target sub
[6.000s] make: *** [Makefile:160: all] Erro 2
[6.001s] Invoked command in '/mnt/HomeWin/projetos/tutorial_ros2/dev_ws/build/cpp_chat' returned '2': _=/usr/bin/env /usr/bin/cmake --build /mnt/HomeWin/projetos/tutorial_ros2/dev_ws/build/cpp_chat -- -j8 -l8
