[35m[1mScanning dependencies of target pub[0m
[35m[1mScanning dependencies of target sub[0m
[ 33%] Built target chat
[ 50%] [32mBuilding CXX object CMakeFiles/sub.dir/src/sub.cpp.o[0m
[ 66%] [32mBuilding CXX object CMakeFiles/pub.dir/src/pub.cpp.o[0m
In file included from [01m[K/opt/ros2/foxy/include/rclcpp/service.hpp:34[m[K,
                 from [01m[K/opt/ros2/foxy/include/rclcpp/callback_group.hpp:25[m[K,
                 from [01m[K/opt/ros2/foxy/include/rclcpp/any_executable.hpp:20[m[K,
                 from [01m[K/opt/ros2/foxy/include/rclcpp/memory_strategy.hpp:24[m[K,
                 from [01m[K/opt/ros2/foxy/include/rclcpp/memory_strategies.hpp:18[m[K,
                 from [01m[K/opt/ros2/foxy/include/rclcpp/executor_options.hpp:20[m[K,
                 from [01m[K/opt/ros2/foxy/include/rclcpp/executor.hpp:33[m[K,
                 from [01m[K/opt/ros2/foxy/include/rclcpp/executors/multi_threaded_executor.hpp:25[m[K,
                 from [01m[K/opt/ros2/foxy/include/rclcpp/executors.hpp:21[m[K,
                 from [01m[K/opt/ros2/foxy/include/rclcpp/rclcpp.hpp:146[m[K,
                 from [01m[K/mnt/HomeWin/projetos/tutorial_ros2/dev_ws/src/cpp_chat/src/sub.cpp:18[m[K:
[01m[K/mnt/HomeWin/projetos/tutorial_ros2/dev_ws/src/cpp_chat/src/sub.cpp:[m[K In member function â€˜[01m[Kvoid MinimalSubscriber::topic_callback(std_msgs::msg::String_<std::allocator<void> >::SharedPtr) const[m[Kâ€™:
[01m[K/mnt/HomeWin/projetos/tutorial_ros2/dev_ws/src/cpp_chat/src/sub.cpp:43:5:[m[K [01;31m[Kerror: [m[Kstatic assertion failed: First argument to logging macros must be an rclcpp::Logger
   43 |     [01;31m[KRCLCPP_INFO[m[K(nullLog, "\n('%s' -> '%s') >> '$s' ", typesOrigin[int(msg->data.front())],
      |     [01;31m[K^~~~~~~~~~~[m[K
In file included from [01m[K/opt/ros2/foxy/include/rclcpp/client.hpp:40[m[K,
                 from [01m[K/opt/ros2/foxy/include/rclcpp/callback_group.hpp:23[m[K,
                 from [01m[K/opt/ros2/foxy/include/rclcpp/any_executable.hpp:20[m[K,
                 from [01m[K/opt/ros2/foxy/include/rclcpp/memory_strategy.hpp:24[m[K,
                 from [01m[K/opt/ros2/foxy/include/rclcpp/memory_strategies.hpp:18[m[K,
                 from [01m[K/opt/ros2/foxy/include/rclcpp/executor_options.hpp:20[m[K,
                 from [01m[K/opt/ros2/foxy/include/rclcpp/executor.hpp:33[m[K,
                 from [01m[K/opt/ros2/foxy/include/rclcpp/executors/multi_threaded_executor.hpp:25[m[K,
                 from [01m[K/opt/ros2/foxy/include/rclcpp/executors.hpp:21[m[K,
                 from [01m[K/opt/ros2/foxy/include/rclcpp/rclcpp.hpp:146[m[K,
                 from [01m[K/mnt/HomeWin/projetos/tutorial_ros2/dev_ws/src/cpp_chat/src/sub.cpp:18[m[K:
[01m[K/mnt/HomeWin/projetos/tutorial_ros2/dev_ws/src/cpp_chat/src/sub.cpp:43:5:[m[K [01;31m[Kerror: [m[Krequest for member â€˜[01m[Kget_name[m[Kâ€™ in â€˜[01m[KnullLog[m[Kâ€™, which is of non-class type â€˜[01m[Krclcpp::Logger()[m[Kâ€™
   43 |     [01;31m[KRCLCPP_INFO[m[K(nullLog, "\n('%s' -> '%s') >> '$s' ", typesOrigin[int(msg->data.front())],
      |     [01;31m[K^~~~~~~~~~~[m[K
[01m[K/mnt/HomeWin/projetos/tutorial_ros2/dev_ws/src/cpp_chat/src/sub.cpp:43:5:[m[K [01;31m[Kerror: [m[Krequest for member â€˜[01m[Kget_name[m[Kâ€™ in â€˜[01m[KnullLog[m[Kâ€™, which is of non-class type â€˜[01m[Krclcpp::Logger()[m[Kâ€™
   43 |     [01;31m[KRCLCPP_INFO[m[K(nullLog, "\n('%s' -> '%s') >> '$s' ", typesOrigin[int(msg->data.front())],
      |     [01;31m[K^~~~~~~~~~~[m[K
make[2]: *** [CMakeFiles/sub.dir/build.make:82: CMakeFiles/sub.dir/src/sub.cpp.o] Erro 1
make[1]: *** [CMakeFiles/Makefile2:155: CMakeFiles/sub.dir/all] Erro 2
make[1]: ** Esperando que outros processos terminem.
[ 83%] [32m[1mLinking CXX executable pub[0m
[ 83%] Built target pub
make: *** [Makefile:160: all] Erro 2
