[35m[1mScanning dependencies of target chat[0m
[ 50%] Built target sub
[ 66%] Built target pub
[ 83%] [32mBuilding CXX object CMakeFiles/chat.dir/src/chat.cpp.o[0m
[01m[K/mnt/HomeWin/projetos/tutorial_ros2/dev_ws/src/cpp_chat/src/chat.cpp:[m[K In constructor â€˜[01m[KMinimalChat::MinimalChat()[m[Kâ€™:
[01m[K/mnt/HomeWin/projetos/tutorial_ros2/dev_ws/src/cpp_chat/src/chat.cpp:68:33:[m[K [01;31m[Kerror: [m[Kâ€˜[01m[KMinimalSubscriber[m[Kâ€™ has not been declared
   68 |         "topic", 10, std::bind(&[01;31m[KMinimalSubscriber[m[K::topic_callback, this, _1));
      |                                 [01;31m[K^~~~~~~~~~~~~~~~~[m[K
[01m[K/mnt/HomeWin/projetos/tutorial_ros2/dev_ws/src/cpp_chat/src/chat.cpp:71:9:[m[K [01;31m[Kerror: [m[Kunable to find numeric literal operator â€˜[01m[Koperator""ms[m[Kâ€™
   71 |         [01;31m[K500ms[m[K, std::bind(&MinimalPublisher::timer_callback, this));
      |         [01;31m[K^~~~~[m[K
[01m[K/mnt/HomeWin/projetos/tutorial_ros2/dev_ws/src/cpp_chat/src/chat.cpp:71:27:[m[K [01;31m[Kerror: [m[Kâ€˜[01m[KMinimalPublisher[m[Kâ€™ has not been declared
   71 |         500ms, std::bind(&[01;31m[KMinimalPublisher[m[K::timer_callback, this));
      |                           [01;31m[K^~~~~~~~~~~~~~~~[m[K
make[2]: *** [CMakeFiles/chat.dir/build.make:82: CMakeFiles/chat.dir/src/chat.cpp.o] Erro 1
make[1]: *** [CMakeFiles/Makefile2:101: CMakeFiles/chat.dir/all] Erro 2
make: *** [Makefile:160: all] Erro 2
