[01m[K/mnt/HomeWin/projetos/tutorial_ros2/dev_ws/src/cpp_chat/src/chat.cpp:56:64:[m[K [01;31m[Kerror: [m[Kexpected â€˜[01m[K;[m[Kâ€™ at end of member declaration
   56 |   void chat_callback(const std_msgs::msg::String::SharedPtr msg[01;31m[K)[m[K)
      |                                                                [01;31m[K^[m[K
      |                                                                 [32m[K;[m[K
[01m[K/mnt/HomeWin/projetos/tutorial_ros2/dev_ws/src/cpp_chat/src/chat.cpp:56:65:[m[K [01;31m[Kerror: [m[Kexpected unqualified-id before â€˜[01m[K)[m[Kâ€™ token
   56 |   void chat_callback(const std_msgs::msg::String::SharedPtr msg)[01;31m[K)[m[K
      |                                                                 [01;31m[K^[m[K
In file included from [01m[K/mnt/HomeWin/projetos/tutorial_ros2/dev_ws/src/cpp_chat/src/chat.cpp:15[m[K:
/usr/include/c++/10.2.0/functional: In instantiation of â€˜[01m[Kstruct std::_Bind_check_arity<void (MinimalChat::*)(std::shared_ptr<std_msgs::msg::String_<std::allocator<void> > >), MinimalChat*>[m[Kâ€™:
[01m[K/usr/include/c++/10.2.0/functional:764:12:[m[K   required from â€˜[01m[Kstruct std::_Bind_helper<false, void (MinimalChat::*)(std::shared_ptr<std_msgs::msg::String_<std::allocator<void> > >), MinimalChat*>[m[Kâ€™
[01m[K/usr/include/c++/10.2.0/functional:785:5:[m[K   required by substitution of â€˜[01m[Ktemplate<class _Func, class ... _BoundArgs> typename std::_Bind_helper<std::__is_socketlike<_Func>::value, _Func, _BoundArgs ...>::type std::bind(_Func&&, _BoundArgs&& ...) [with _Func = void (MinimalChat::*)(std::shared_ptr<std_msgs::msg::String_<std::allocator<void> > >); _BoundArgs = {MinimalChat*}][m[Kâ€™
[01m[K/mnt/HomeWin/projetos/tutorial_ros2/dev_ws/src/cpp_chat/src/chat.cpp:43:50:[m[K   required from here
[01m[K/usr/include/c++/10.2.0/functional:752:7:[m[K [01;31m[Kerror: [m[Kstatic assertion failed: Wrong number of arguments for pointer-to-member
  751 |       static_assert(_Varargs::[01;31m[Kvalue[m[K
      |                               [01;31m[K~~~~~[m[K
  752 | [01;31m[K      ? sizeof...(_BoundArgs) >= _Arity::value + 1[m[K
      |       [01;31m[K^~~~~~~~~~~~~~~~~~~~~~~~~~~~~~~~~~~~~~~~~~~~[m[K
  753 | [01;31m[K      : sizeof...(_BoundArgs) == _Arity::value + 1[m[K,
      |       [01;31m[K~~~~~~~~~~~~~~~~~~~~~~~~~~~~~~~~~~~~~~~~~~~~[m[K
[01m[K/mnt/HomeWin/projetos/tutorial_ros2/dev_ws/src/cpp_chat/src/chat.cpp:[m[K In constructor â€˜[01m[KMinimalChat::MinimalChat()[m[Kâ€™:
[01m[K/mnt/HomeWin/projetos/tutorial_ros2/dev_ws/src/cpp_chat/src/chat.cpp:45:5:[m[K [01;31m[Kerror: [m[Kno matching function for call to â€˜[01m[KMinimalChat::create_wall_timer(std::chrono::microseconds, std::_Bind_helper<false, void (MinimalChat::*)(std::shared_ptr<std_msgs::msg::String_<std::allocator<void> > >), MinimalChat*>::type, std::nullptr_t)[m[Kâ€™
   45 |     [01;31m[K)[m[K;
      |     [01;31m[K^[m[K
In file included from [01m[K/opt/ros2/foxy/include/rclcpp/executors/single_threaded_executor.hpp:28[m[K,
                 from [01m[K/opt/ros2/foxy/include/rclcpp/executors.hpp:22[m[K,
                 from [01m[K/opt/ros2/foxy/include/rclcpp/rclcpp.hpp:146[m[K,
                 from [01m[K/mnt/HomeWin/projetos/tutorial_ros2/dev_ws/src/cpp_chat/src/chat.cpp:21[m[K:
[01m[K/opt/ros2/foxy/include/rclcpp/node.hpp:232:3:[m[K [01;36m[Knote: [m[Kcandidate: â€˜[01m[Ktemplate<class DurationRepT, class DurationT, class CallbackT> typename rclcpp::WallTimer<CallbackT>::SharedPtr rclcpp::Node::create_wall_timer(std::chrono::duration<_Rep1, _Period1>, CallbackT, rclcpp::CallbackGroup::SharedPtr)[m[Kâ€™
  232 |   [01;36m[Kcreate_wall_timer[m[K(
      |   [01;36m[K^~~~~~~~~~~~~~~~~[m[K
[01m[K/opt/ros2/foxy/include/rclcpp/node.hpp:232:3:[m[K [01;36m[Knote: [m[K  template argument deduction/substitution failed:
In file included from [01m[K/opt/ros2/foxy/include/rclcpp/node.hpp:1221[m[K,
                 from [01m[K/opt/ros2/foxy/include/rclcpp/executors/single_threaded_executor.hpp:28[m[K,
                 from [01m[K/opt/ros2/foxy/include/rclcpp/executors.hpp:22[m[K,
                 from [01m[K/opt/ros2/foxy/include/rclcpp/rclcpp.hpp:146[m[K,
                 from [01m[K/mnt/HomeWin/projetos/tutorial_ros2/dev_ws/src/cpp_chat/src/chat.cpp:21[m[K:
/opt/ros2/foxy/include/rclcpp/node_impl.hpp: In substitution of â€˜[01m[Ktemplate<class DurationRepT, class DurationT, class CallbackT> typename rclcpp::WallTimer<CallbackT>::SharedPtr rclcpp::Node::create_wall_timer(std::chrono::duration<_Rep1, _Period1>, CallbackT, rclcpp::CallbackGroup::SharedPtr) [with DurationRepT = long int; DurationT = std::ratio<1, 1000000>; CallbackT = std::_Bind<void (MinimalChat::*(MinimalChat*))(std::shared_ptr<std_msgs::msg::String_<std::allocator<void> > >)>][m[Kâ€™:
[01m[K/mnt/HomeWin/projetos/tutorial_ros2/dev_ws/src/cpp_chat/src/chat.cpp:45:5:[m[K   required from here
[01m[K/opt/ros2/foxy/include/rclcpp/node_impl.hpp:109:1:[m[K [01;31m[Kerror: [m[Kno type named â€˜[01m[Ktype[m[Kâ€™ in â€˜[01m[Kstruct std::enable_if<false, void>[m[Kâ€™
  109 | [01;31m[KNode[m[K::create_wall_timer(
      | [01;31m[K^~~~[m[K
[01m[K/opt/ros2/foxy/include/rclcpp/node_impl.hpp:109:1:[m[K [01;31m[Kerror: [m[Kno type named â€˜[01m[Ktype[m[Kâ€™ in â€˜[01m[Kstruct std::enable_if<false, void>[m[Kâ€™
[01m[K/opt/ros2/foxy/include/rclcpp/node_impl.hpp:109:1:[m[K [01;36m[Knote: [m[Kinvalid template non-type parameter
make[2]: *** [CMakeFiles/chat.dir/build.make:82: CMakeFiles/chat.dir/src/chat.cpp.o] Erro 1
make[1]: *** [CMakeFiles/Makefile2:101: CMakeFiles/chat.dir/all] Erro 2
make: *** [Makefile:160: all] Erro 2
