[0.031s] Invoking command in '/mnt/HomeWin/projetos/tutorial_ros2/dev_ws/build/cpp_chat': _=/usr/bin/env /usr/bin/cmake --build /mnt/HomeWin/projetos/tutorial_ros2/dev_ws/build/cpp_chat -- -j8 -l8
[0.072s] [35m[1mScanning dependencies of target pub[0m
[0.072s] [35m[1mScanning dependencies of target chat[0m
[0.090s] [ 33%] Built target sub
[0.098s] [ 66%] [32mBuilding CXX object CMakeFiles/pub.dir/src/pub.cpp.o[0m
[0.098s] [ 66%] [32mBuilding CXX object CMakeFiles/chat.dir/src/chat.cpp.o[0m
[1.514s] [01m[K/mnt/HomeWin/projetos/tutorial_ros2/dev_ws/src/cpp_chat/src/chat.cpp:56:101:[m[K [01;31m[Kerror: [m[Kexpected â€˜[01m[K;[m[Kâ€™ at end of member declaration
[1.514s]    56 |   void chat_callback(const std_msgs::msg::String::SharedPtr msg = std_msgs::msg::String::SharedPtr()[01;31m[K)[m[K)
[1.515s]       |                                                                                                     [01;31m[K^[m[K
[1.515s]       |                                                                                                      [32m[K;[m[K
[1.515s] [01m[K/mnt/HomeWin/projetos/tutorial_ros2/dev_ws/src/cpp_chat/src/chat.cpp:56:102:[m[K [01;31m[Kerror: [m[Kexpected unqualified-id before â€˜[01m[K)[m[Kâ€™ token
[1.515s]    56 |   void chat_callback(const std_msgs::msg::String::SharedPtr msg = std_msgs::msg::String::SharedPtr())[01;31m[K)[m[K
[1.515s]       |                                                                                                      [01;31m[K^[m[K
[1.534s] [01m[K/mnt/HomeWin/projetos/tutorial_ros2/dev_ws/src/cpp_chat/src/chat.cpp:[m[K In constructor â€˜[01m[KMinimalChat::MinimalChat()[m[Kâ€™:
[1.534s] [01m[K/mnt/HomeWin/projetos/tutorial_ros2/dev_ws/src/cpp_chat/src/chat.cpp:34:40:[m[K [01;31m[Kerror: [m[Kclass â€˜[01m[KMinimalChat[m[Kâ€™ does not have any field named â€˜[01m[Kcount_[m[Kâ€™
[1.534s]    34 |   MinimalChat() : Node("minimalChat"), [01;31m[Kcount_[m[K(0)
[1.534s]       |                                        [01;31m[K^~~~~~[m[K
[1.548s] In file included from [01m[K/mnt/HomeWin/projetos/tutorial_ros2/dev_ws/src/cpp_chat/src/chat.cpp:15[m[K:
[1.548s] /usr/include/c++/10.2.0/functional: In instantiation of â€˜[01m[Kstruct std::_Bind_check_arity<void (MinimalChat::*)(std::shared_ptr<std_msgs::msg::String_<std::allocator<void> > >), MinimalChat*>[m[Kâ€™:
[1.549s] [01m[K/usr/include/c++/10.2.0/functional:764:12:[m[K   required from â€˜[01m[Kstruct std::_Bind_helper<false, void (MinimalChat::*)(std::shared_ptr<std_msgs::msg::String_<std::allocator<void> > >), MinimalChat*>[m[Kâ€™
[1.549s] [01m[K/usr/include/c++/10.2.0/functional:785:5:[m[K   required by substitution of â€˜[01m[Ktemplate<class _Func, class ... _BoundArgs> typename std::_Bind_helper<std::__is_socketlike<_Func>::value, _Func, _BoundArgs ...>::type std::bind(_Func&&, _BoundArgs&& ...) [with _Func = void (MinimalChat::*)(std::shared_ptr<std_msgs::msg::String_<std::allocator<void> > >); _BoundArgs = {MinimalChat*}][m[Kâ€™
[1.549s] [01m[K/mnt/HomeWin/projetos/tutorial_ros2/dev_ws/src/cpp_chat/src/chat.cpp:43:50:[m[K   required from here
[1.549s] [01m[K/usr/include/c++/10.2.0/functional:752:7:[m[K [01;31m[Kerror: [m[Kstatic assertion failed: Wrong number of arguments for pointer-to-member
[1.549s]   751 |       static_assert(_Varargs::[01;31m[Kvalue[m[K
[1.549s]       |                               [01;31m[K~~~~~[m[K
[1.549s]   752 | [01;31m[K      ? sizeof...(_BoundArgs) >= _Arity::value + 1[m[K
[1.550s]       |       [01;31m[K^~~~~~~~~~~~~~~~~~~~~~~~~~~~~~~~~~~~~~~~~~~~[m[K
[1.550s]   753 | [01;31m[K      : sizeof...(_BoundArgs) == _Arity::value + 1[m[K,
[1.550s]       |       [01;31m[K~~~~~~~~~~~~~~~~~~~~~~~~~~~~~~~~~~~~~~~~~~~~[m[K
[1.553s] [01m[K/mnt/HomeWin/projetos/tutorial_ros2/dev_ws/src/cpp_chat/src/chat.cpp:45:5:[m[K [01;31m[Kerror: [m[Kno matching function for call to â€˜[01m[KMinimalChat::create_wall_timer(std::chrono::microseconds, std::_Bind_helper<false, void (MinimalChat::*)(std::shared_ptr<std_msgs::msg::String_<std::allocator<void> > >), MinimalChat*>::type, std::nullptr_t)[m[Kâ€™
[1.553s]    45 |     [01;31m[K)[m[K;
[1.554s]       |     [01;31m[K^[m[K
[1.554s] In file included from [01m[K/opt/ros2/foxy/include/rclcpp/executors/single_threaded_executor.hpp:28[m[K,
[1.554s]                  from [01m[K/opt/ros2/foxy/include/rclcpp/executors.hpp:22[m[K,
[1.554s]                  from [01m[K/opt/ros2/foxy/include/rclcpp/rclcpp.hpp:146[m[K,
[1.555s]                  from [01m[K/mnt/HomeWin/projetos/tutorial_ros2/dev_ws/src/cpp_chat/src/chat.cpp:21[m[K:
[1.555s] [01m[K/opt/ros2/foxy/include/rclcpp/node.hpp:232:3:[m[K [01;36m[Knote: [m[Kcandidate: â€˜[01m[Ktemplate<class DurationRepT, class DurationT, class CallbackT> typename rclcpp::WallTimer<CallbackT>::SharedPtr rclcpp::Node::create_wall_timer(std::chrono::duration<_Rep1, _Period1>, CallbackT, rclcpp::CallbackGroup::SharedPtr)[m[Kâ€™
[1.555s]   232 |   [01;36m[Kcreate_wall_timer[m[K(
[1.555s]       |   [01;36m[K^~~~~~~~~~~~~~~~~[m[K
[1.556s] [01m[K/opt/ros2/foxy/include/rclcpp/node.hpp:232:3:[m[K [01;36m[Knote: [m[K  template argument deduction/substitution failed:
[1.556s] In file included from [01m[K/opt/ros2/foxy/include/rclcpp/node.hpp:1221[m[K,
[1.556s]                  from [01m[K/opt/ros2/foxy/include/rclcpp/executors/single_threaded_executor.hpp:28[m[K,
[1.556s]                  from [01m[K/opt/ros2/foxy/include/rclcpp/executors.hpp:22[m[K,
[1.557s]                  from [01m[K/opt/ros2/foxy/include/rclcpp/rclcpp.hpp:146[m[K,
[1.557s]                  from [01m[K/mnt/HomeWin/projetos/tutorial_ros2/dev_ws/src/cpp_chat/src/chat.cpp:21[m[K:
[1.557s] /opt/ros2/foxy/include/rclcpp/node_impl.hpp: In substitution of â€˜[01m[Ktemplate<class DurationRepT, class DurationT, class CallbackT> typename rclcpp::WallTimer<CallbackT>::SharedPtr rclcpp::Node::create_wall_timer(std::chrono::duration<_Rep1, _Period1>, CallbackT, rclcpp::CallbackGroup::SharedPtr) [with DurationRepT = long int; DurationT = std::ratio<1, 1000000>; CallbackT = std::_Bind<void (MinimalChat::*(MinimalChat*))(std::shared_ptr<std_msgs::msg::String_<std::allocator<void> > >)>][m[Kâ€™:
[1.557s] [01m[K/mnt/HomeWin/projetos/tutorial_ros2/dev_ws/src/cpp_chat/src/chat.cpp:45:5:[m[K   required from here
[1.557s] [01m[K/opt/ros2/foxy/include/rclcpp/node_impl.hpp:109:1:[m[K [01;31m[Kerror: [m[Kno type named â€˜[01m[Ktype[m[Kâ€™ in â€˜[01m[Kstruct std::enable_if<false, void>[m[Kâ€™
[1.558s]   109 | [01;31m[KNode[m[K::create_wall_timer(
[1.558s]       | [01;31m[K^~~~[m[K
[1.558s] [01m[K/opt/ros2/foxy/include/rclcpp/node_impl.hpp:109:1:[m[K [01;31m[Kerror: [m[Kno type named â€˜[01m[Ktype[m[Kâ€™ in â€˜[01m[Kstruct std::enable_if<false, void>[m[Kâ€™
[1.559s] [01m[K/opt/ros2/foxy/include/rclcpp/node_impl.hpp:109:1:[m[K [01;36m[Knote: [m[Kinvalid template non-type parameter
[3.350s] make[2]: *** [CMakeFiles/chat.dir/build.make:82: CMakeFiles/chat.dir/src/chat.cpp.o] Erro 1
[3.352s] make[1]: *** [CMakeFiles/Makefile2:101: CMakeFiles/chat.dir/all] Erro 2
[3.352s] make[1]: ** Esperando que outros processos terminem.
[3.583s] [ 83%] [32m[1mLinking CXX executable pub[0m
[3.840s] [ 83%] Built target pub
[3.842s] make: *** [Makefile:160: all] Erro 2
[3.843s] Invoked command in '/mnt/HomeWin/projetos/tutorial_ros2/dev_ws/build/cpp_chat' returned '2': _=/usr/bin/env /usr/bin/cmake --build /mnt/HomeWin/projetos/tutorial_ros2/dev_ws/build/cpp_chat -- -j8 -l8
