[35m[1mScanning dependencies of target pub[0m
[ 33%] Built target chat
[ 66%] Built target sub
[ 83%] [32mBuilding CXX object CMakeFiles/pub.dir/src/pub.cpp.o[0m
[01m[K/mnt/HomeWin/projetos/tutorial_ros2/dev_ws/src/cpp_chat/src/pub.cpp:[m[K In member function â€˜[01m[Kvoid MinimalPublisher::timer_callback()[m[Kâ€™:
[01m[K/mnt/HomeWin/projetos/tutorial_ros2/dev_ws/src/cpp_chat/src/pub.cpp:47:5:[m[K [01;31m[Kerror: [m[Kâ€˜[01m[Kstring[m[Kâ€™ was not declared in this scope; did you mean â€˜[01m[Kstd::string[m[Kâ€™?
   47 |     [01;31m[Kstring[m[K str = "s;";
      |     [01;31m[K^~~~~~[m[K
      |     [32m[Kstd::string[m[K
In file included from [01m[K/usr/include/c++/10.2.0/iosfwd:39[m[K,
                 from [01m[K/usr/include/c++/10.2.0/memory:74[m[K,
                 from [01m[K/mnt/HomeWin/projetos/tutorial_ros2/dev_ws/src/cpp_chat/src/pub.cpp:17[m[K:
[01m[K/usr/include/c++/10.2.0/bits/stringfwd.h:79:33:[m[K [01;36m[Knote: [m[Kâ€˜[01m[Kstd::string[m[Kâ€™ declared here
   79 |   typedef basic_string<char>    [01;36m[Kstring[m[K;
      |                                 [01;36m[K^~~~~~[m[K
[01m[K/mnt/HomeWin/projetos/tutorial_ros2/dev_ws/src/cpp_chat/src/pub.cpp:48:36:[m[K [01;31m[Kerror: [m[Kâ€˜[01m[Kstr[m[Kâ€™ was not declared in this scope; did you mean â€˜[01m[Kstd[m[Kâ€™?
   48 |     auto nullLog = rclcpp::Logger(&[01;31m[Kstr[m[K);
      |                                    [01;31m[K^~~[m[K
      |                                    [32m[Kstd[m[K
make[2]: *** [CMakeFiles/pub.dir/build.make:82: CMakeFiles/pub.dir/src/pub.cpp.o] Erro 1
make[1]: *** [CMakeFiles/Makefile2:128: CMakeFiles/pub.dir/all] Erro 2
make: *** [Makefile:160: all] Erro 2
