[0.043s] Invoking command in '/mnt/HomeWin/projetos/tutorial_ros2/dev_ws/build/cpp_chat': _=/usr/bin/env /usr/bin/cmake --build /mnt/HomeWin/projetos/tutorial_ros2/dev_ws/build/cpp_chat -- -j8 -l8
[0.099s] [35m[1mScanning dependencies of target pub[0m
[0.115s] [ 33%] Built target chat
[0.117s] [ 66%] Built target sub
[0.124s] [ 83%] [32mBuilding CXX object CMakeFiles/pub.dir/src/pub.cpp.o[0m
[1.793s] [01m[K/mnt/HomeWin/projetos/tutorial_ros2/dev_ws/src/cpp_chat/src/pub.cpp:[m[K In member function â€˜[01m[Kvoid MinimalPublisher::timer_callback()[m[Kâ€™:
[1.794s] [01m[K/mnt/HomeWin/projetos/tutorial_ros2/dev_ws/src/cpp_chat/src/pub.cpp:47:5:[m[K [01;31m[Kerror: [m[Kâ€˜[01m[Kstring[m[Kâ€™ was not declared in this scope; did you mean â€˜[01m[Kstd::string[m[Kâ€™?
[1.794s]    47 |     [01;31m[Kstring[m[K str = "s;";
[1.794s]       |     [01;31m[K^~~~~~[m[K
[1.795s]       |     [32m[Kstd::string[m[K
[1.795s] In file included from [01m[K/usr/include/c++/10.2.0/iosfwd:39[m[K,
[1.795s]                  from [01m[K/usr/include/c++/10.2.0/memory:74[m[K,
[1.795s]                  from [01m[K/mnt/HomeWin/projetos/tutorial_ros2/dev_ws/src/cpp_chat/src/pub.cpp:17[m[K:
[1.795s] [01m[K/usr/include/c++/10.2.0/bits/stringfwd.h:79:33:[m[K [01;36m[Knote: [m[Kâ€˜[01m[Kstd::string[m[Kâ€™ declared here
[1.796s]    79 |   typedef basic_string<char>    [01;36m[Kstring[m[K;
[1.796s]       |                                 [01;36m[K^~~~~~[m[K
[1.796s] [01m[K/mnt/HomeWin/projetos/tutorial_ros2/dev_ws/src/cpp_chat/src/pub.cpp:48:36:[m[K [01;31m[Kerror: [m[Kâ€˜[01m[Kstr[m[Kâ€™ was not declared in this scope; did you mean â€˜[01m[Kstd[m[Kâ€™?
[1.796s]    48 |     auto nullLog = rclcpp::Logger(&[01;31m[Kstr[m[K);
[1.796s]       |                                    [01;31m[K^~~[m[K
[1.796s]       |                                    [32m[Kstd[m[K
[2.905s] make[2]: *** [CMakeFiles/pub.dir/build.make:82: CMakeFiles/pub.dir/src/pub.cpp.o] Erro 1
[2.906s] make[1]: *** [CMakeFiles/Makefile2:128: CMakeFiles/pub.dir/all] Erro 2
[2.908s] make: *** [Makefile:160: all] Erro 2
[2.909s] Invoked command in '/mnt/HomeWin/projetos/tutorial_ros2/dev_ws/build/cpp_chat' returned '2': _=/usr/bin/env /usr/bin/cmake --build /mnt/HomeWin/projetos/tutorial_ros2/dev_ws/build/cpp_chat -- -j8 -l8
